<?xml version="1.0" encoding="UTF-8"?>
<testsuite xmlns:xsi="http://www.w3.org/2001/XMLSchema-instance" xsi:noNamespaceSchemaLocation="https://maven.apache.org/surefire/maven-failsafe-plugin/xsd/failsafe-test-report.xsd" name="Create Evaluation Smoke Test Feature" time="18.302" tests="2" errors="0" skipped="0" failures="2">
  <properties>
    <property name="sun.desktop" value="windows"/>
    <property name="awt.toolkit" value="sun.awt.windows.WToolkit"/>
    <property name="file.encoding.pkg" value="sun.io"/>
    <property name="java.specification.version" value="1.8"/>
    <property name="webdriver.chrome.driver" value="C:\Users\pravesh.bhatt\Desktop\ACEND\workspace\atdd-framework-master\Senerity-BDD-Framework\webdriver\windows\chromedriver.exe"/>
    <property name="sun.cpu.isalist" value="amd64"/>
    <property name="sun.jnu.encoding" value="Cp1252"/>
    <property name="java.class.path" value="C:\Users\pravesh.bhatt\Desktop\ACEND\workspace\atdd-framework-master\Senerity-BDD-Framework\target\test-classes;C:\Users\pravesh.bhatt\Desktop\ACEND\workspace\atdd-framework-master\Senerity-BDD-Framework\target\Senerity-ATDD-Framework-1.0.0-SNAPSHOT.jar;C:\Users\pravesh.bhatt\.m2\repository\ch\qos\logback\logback-classic\1.2.3\logback-classic-1.2.3.jar;C:\Users\pravesh.bhatt\.m2\repository\ch\qos\logback\logback-core\1.2.3\logback-core-1.2.3.jar;C:\Users\pravesh.bhatt\.m2\repository\org\slf4j\slf4j-api\1.7.25\slf4j-api-1.7.25.jar;C:\Users\pravesh.bhatt\.m2\repository\net\serenity-bdd\serenity-core\2.0.91\serenity-core-2.0.91.jar;C:\Users\pravesh.bhatt\.m2\repository\net\bytebuddy\byte-buddy-agent\1.10.1\byte-buddy-agent-1.10.1.jar;C:\Users\pravesh.bhatt\.m2\repository\com\google\guava\guava\25.0-jre\guava-25.0-jre.jar;C:\Users\pravesh.bhatt\.m2\repository\com\google\code\findbugs\jsr305\1.3.9\jsr305-1.3.9.jar;C:\Users\pravesh.bhatt\.m2\repository\org\checkerframework\checker-compat-qual\2.0.0\checker-compat-qual-2.0.0.jar;C:\Users\pravesh.bhatt\.m2\repository\com\google\errorprone\error_prone_annotations\2.1.3\error_prone_annotations-2.1.3.jar;C:\Users\pravesh.bhatt\.m2\repository\com\google\j2objc\j2objc-annotations\1.1\j2objc-annotations-1.1.jar;C:\Users\pravesh.bhatt\.m2\repository\org\codehaus\mojo\animal-sniffer-annotations\1.14\animal-sniffer-annotations-1.14.jar;C:\Users\pravesh.bhatt\.m2\repository\com\google\inject\guice\4.2.2\guice-4.2.2.jar;C:\Users\pravesh.bhatt\.m2\repository\javax\inject\javax.inject\1\javax.inject-1.jar;C:\Users\pravesh.bhatt\.m2\repository\aopalliance\aopalliance\1.0\aopalliance-1.0.jar;C:\Users\pravesh.bhatt\.m2\repository\org\ow2\asm\asm\7.2\asm-7.2.jar;C:\Users\pravesh.bhatt\.m2\repository\commons-codec\commons-codec\1.10\commons-codec-1.10.jar;C:\Users\pravesh.bhatt\.m2\repository\org\objenesis\objenesis\3.0.1\objenesis-3.0.1.jar;C:\Users\pravesh.bhatt\.m2\repository\xml-apis\xml-apis\1.4.01\xml-apis-1.4.01.jar;C:\Users\pravesh.bhatt\.m2\repository\commons-logging\commons-logging\1.2\commons-logging-1.2.jar;C:\Users\pravesh.bhatt\.m2\repository\io\vavr\vavr\0.9.0\vavr-0.9.0.jar;C:\Users\pravesh.bhatt\.m2\repository\io\vavr\vavr-match\0.9.0\vavr-match-0.9.0.jar;C:\Users\pravesh.bhatt\.m2\repository\javax\xml\bind\jaxb-api\2.2.12\jaxb-api-2.2.12.jar;C:\Users\pravesh.bhatt\.m2\repository\com\sun\xml\bind\jaxb-core\2.3.0.1\jaxb-core-2.3.0.1.jar;C:\Users\pravesh.bhatt\.m2\repository\com\sun\xml\bind\jaxb-impl\2.3.0.1\jaxb-impl-2.3.0.1.jar;C:\Users\pravesh.bhatt\.m2\repository\javax\activation\activation\1.1.1\activation-1.1.1.jar;C:\Users\pravesh.bhatt\.m2\repository\org\mockito\mockito-core\3.1.0\mockito-core-3.1.0.jar;C:\Users\pravesh.bhatt\.m2\repository\net\serenity-bdd\serenity-report-resources\2.0.91\serenity-report-resources-2.0.91.jar;C:\Users\pravesh.bhatt\.m2\repository\net\serenity-bdd\serenity-model\2.0.91\serenity-model-2.0.91.jar;C:\Users\pravesh.bhatt\.m2\repository\commons-net\commons-net\3.6\commons-net-3.6.jar;C:\Users\pravesh.bhatt\.m2\repository\org\apache\commons\commons-text\1.6\commons-text-1.6.jar;C:\Users\pravesh.bhatt\.m2\repository\es\nitaur\markdown\txtmark\0.16\txtmark-0.16.jar;C:\Users\pravesh.bhatt\.m2\repository\net\serenity-bdd\serenity-reports\2.0.91\serenity-reports-2.0.91.jar;C:\Users\pravesh.bhatt\.m2\repository\net\serenity-bdd\serenity-stats\2.0.91\serenity-stats-2.0.91.jar;C:\Users\pravesh.bhatt\.m2\repository\org\jetbrains\kotlin\kotlin-stdlib\1.3.31\kotlin-stdlib-1.3.31.jar;C:\Users\pravesh.bhatt\.m2\repository\org\jetbrains\kotlin\kotlin-stdlib-common\1.3.31\kotlin-stdlib-common-1.3.31.jar;C:\Users\pravesh.bhatt\.m2\repository\org\jetbrains\annotations\13.0\annotations-13.0.jar;C:\Users\pravesh.bhatt\.m2\repository\com\google\code\gson\gson\2.8.4\gson-2.8.4.jar;C:\Users\pravesh.bhatt\.m2\repository\commons-io\commons-io\2.6\commons-io-2.6.jar;C:\Users\pravesh.bhatt\.m2\repository\org\seleniumhq\selenium\selenium-server\3.141.59\selenium-server-3.141.59.jar;C:\Users\pravesh.bhatt\.m2\repository\org\seleniumhq\selenium\selenium-firefox-driver\3.141.59\selenium-firefox-driver-3.141.59.jar;C:\Users\pravesh.bhatt\.m2\repository\org\seleniumhq\selenium\selenium-ie-driver\3.141.59\selenium-ie-driver-3.141.59.jar;C:\Users\pravesh.bhatt\.m2\repository\com\beust\jcommander\1.72\jcommander-1.72.jar;C:\Users\pravesh.bhatt\.m2\repository\org\apache\commons\commons-exec\1.3\commons-exec-1.3.jar;C:\Users\pravesh.bhatt\.m2\repository\net\jcip\jcip-annotations\1.0\jcip-annotations-1.0.jar;C:\Users\pravesh.bhatt\.m2\repository\org\seleniumhq\selenium\jetty-repacked\9.4.12.v20180830\jetty-repacked-9.4.12.v20180830.jar;C:\Users\pravesh.bhatt\.m2\repository\com\squareup\okhttp3\okhttp\3.11.0\okhttp-3.11.0.jar;C:\Users\pravesh.bhatt\.m2\repository\com\squareup\okio\okio\1.14.0\okio-1.14.0.jar;C:\Users\pravesh.bhatt\.m2\repository\javax\servlet\javax.servlet-api\3.1.0\javax.servlet-api-3.1.0.jar;C:\Users\pravesh.bhatt\.m2\repository\org\yaml\snakeyaml\1.19\snakeyaml-1.19.jar;C:\Users\pravesh.bhatt\.m2\repository\org\seleniumhq\selenium\selenium-java\3.141.59\selenium-java-3.141.59.jar;C:\Users\pravesh.bhatt\.m2\repository\org\seleniumhq\selenium\selenium-api\3.141.59\selenium-api-3.141.59.jar;C:\Users\pravesh.bhatt\.m2\repository\org\seleniumhq\selenium\selenium-chrome-driver\3.141.59\selenium-chrome-driver-3.141.59.jar;C:\Users\pravesh.bhatt\.m2\repository\org\seleniumhq\selenium\selenium-edge-driver\3.141.59\selenium-edge-driver-3.141.59.jar;C:\Users\pravesh.bhatt\.m2\repository\org\seleniumhq\selenium\selenium-remote-driver\3.141.59\selenium-remote-driver-3.141.59.jar;C:\Users\pravesh.bhatt\.m2\repository\org\seleniumhq\selenium\selenium-safari-driver\3.141.59\selenium-safari-driver-3.141.59.jar;C:\Users\pravesh.bhatt\.m2\repository\org\seleniumhq\selenium\selenium-opera-driver\3.141.59\selenium-opera-driver-3.141.59.jar;C:\Users\pravesh.bhatt\.m2\repository\org\seleniumhq\selenium\selenium-support\3.141.59\selenium-support-3.141.59.jar;C:\Users\pravesh.bhatt\.m2\repository\com\paulhammant\ngwebdriver\1.1.4\ngwebdriver-1.1.4.jar;C:\Users\pravesh.bhatt\.m2\repository\com\codeborne\phantomjsdriver\1.4.4\phantomjsdriver-1.4.4.jar;C:\Users\pravesh.bhatt\.m2\repository\org\seleniumhq\selenium\htmlunit-driver\2.36.0\htmlunit-driver-2.36.0.jar;C:\Users\pravesh.bhatt\.m2\repository\io\appium\java-client\7.3.0\java-client-7.3.0.jar;C:\Users\pravesh.bhatt\.m2\repository\commons-validator\commons-validator\1.6\commons-validator-1.6.jar;C:\Users\pravesh.bhatt\.m2\repository\commons-beanutils\commons-beanutils\1.9.2\commons-beanutils-1.9.2.jar;C:\Users\pravesh.bhatt\.m2\repository\commons-digester\commons-digester\1.8.1\commons-digester-1.8.1.jar;C:\Users\pravesh.bhatt\.m2\repository\org\aspectj\aspectjweaver\1.9.4\aspectjweaver-1.9.4.jar;C:\Users\pravesh.bhatt\.m2\repository\org\springframework\spring-context-support\5.1.2.RELEASE\spring-context-support-5.1.2.RELEASE.jar;C:\Users\pravesh.bhatt\.m2\repository\org\springframework\spring-beans\5.1.2.RELEASE\spring-beans-5.1.2.RELEASE.jar;C:\Users\pravesh.bhatt\.m2\repository\org\springframework\spring-context\5.1.2.RELEASE\spring-context-5.1.2.RELEASE.jar;C:\Users\pravesh.bhatt\.m2\repository\org\springframework\spring-expression\5.1.2.RELEASE\spring-expression-5.1.2.RELEASE.jar;C:\Users\pravesh.bhatt\.m2\repository\org\springframework\spring-core\5.1.2.RELEASE\spring-core-5.1.2.RELEASE.jar;C:\Users\pravesh.bhatt\.m2\repository\org\springframework\spring-jcl\5.1.2.RELEASE\spring-jcl-5.1.2.RELEASE.jar;C:\Users\pravesh.bhatt\.m2\repository\org\codehaus\groovy\groovy\2.5.5\groovy-2.5.5.jar;C:\Users\pravesh.bhatt\.m2\repository\net\sf\opencsv\opencsv\2.0\opencsv-2.0.jar;C:\Users\pravesh.bhatt\.m2\repository\commons-beanutils\commons-beanutils-core\1.8.3\commons-beanutils-core-1.8.3.jar;C:\Users\pravesh.bhatt\.m2\repository\joda-time\joda-time\2.7\joda-time-2.7.jar;C:\Users\pravesh.bhatt\.m2\repository\com\thoughtworks\xstream\xstream\1.4.9\xstream-1.4.9.jar;C:\Users\pravesh.bhatt\.m2\repository\xmlpull\xmlpull\1.1.3.1\xmlpull-1.1.3.1.jar;C:\Users\pravesh.bhatt\.m2\repository\xpp3\xpp3_min\1.1.4c\xpp3_min-1.1.4c.jar;C:\Users\pravesh.bhatt\.m2\repository\org\apache\commons\commons-lang3\3.8.1\commons-lang3-3.8.1.jar;C:\Users\pravesh.bhatt\.m2\repository\commons-collections\commons-collections\3.2.2\commons-collections-3.2.2.jar;C:\Users\pravesh.bhatt\.m2\repository\org\freemarker\freemarker\2.3.28\freemarker-2.3.28.jar;C:\Users\pravesh.bhatt\.m2\repository\net\sourceforge\jexcelapi\jxl\2.6.12\jxl-2.6.12.jar;C:\Users\pravesh.bhatt\.m2\repository\org\hamcrest\hamcrest-core\1.3\hamcrest-core-1.3.jar;C:\Users\pravesh.bhatt\.m2\repository\org\hamcrest\hamcrest-library\1.3\hamcrest-library-1.3.jar;C:\Users\pravesh.bhatt\.m2\repository\net\sourceforge\htmlunit\htmlunit\2.36.0\htmlunit-2.36.0.jar;C:\Users\pravesh.bhatt\.m2\repository\net\sourceforge\htmlunit\htmlunit-core-js\2.36.0\htmlunit-core-js-2.36.0.jar;C:\Users\pravesh.bhatt\.m2\repository\net\sourceforge\htmlunit\neko-htmlunit\2.36.0\neko-htmlunit-2.36.0.jar;C:\Users\pravesh.bhatt\.m2\repository\xerces\xercesImpl\2.12.0\xercesImpl-2.12.0.jar;C:\Users\pravesh.bhatt\.m2\repository\net\sourceforge\htmlunit\htmlunit-cssparser\1.5.0\htmlunit-cssparser-1.5.0.jar;C:\Users\pravesh.bhatt\.m2\repository\org\brotli\dec\0.1.2\dec-0.1.2.jar;C:\Users\pravesh.bhatt\.m2\repository\org\eclipse\jetty\websocket\websocket-client\9.4.20.v20190813\websocket-client-9.4.20.v20190813.jar;C:\Users\pravesh.bhatt\.m2\repository\org\eclipse\jetty\jetty-client\9.4.20.v20190813\jetty-client-9.4.20.v20190813.jar;C:\Users\pravesh.bhatt\.m2\repository\org\eclipse\jetty\jetty-http\9.4.20.v20190813\jetty-http-9.4.20.v20190813.jar;C:\Users\pravesh.bhatt\.m2\repository\org\eclipse\jetty\jetty-xml\9.4.20.v20190813\jetty-xml-9.4.20.v20190813.jar;C:\Users\pravesh.bhatt\.m2\repository\org\eclipse\jetty\jetty-util\9.4.20.v20190813\jetty-util-9.4.20.v20190813.jar;C:\Users\pravesh.bhatt\.m2\repository\org\eclipse\jetty\jetty-io\9.4.20.v20190813\jetty-io-9.4.20.v20190813.jar;C:\Users\pravesh.bhatt\.m2\repository\org\eclipse\jetty\websocket\websocket-common\9.4.20.v20190813\websocket-common-9.4.20.v20190813.jar;C:\Users\pravesh.bhatt\.m2\repository\org\eclipse\jetty\websocket\websocket-api\9.4.20.v20190813\websocket-api-9.4.20.v20190813.jar;C:\Users\pravesh.bhatt\.m2\repository\org\apache\httpcomponents\httpclient\4.5.5\httpclient-4.5.5.jar;C:\Users\pravesh.bhatt\.m2\repository\org\apache\httpcomponents\httpcore\4.4.9\httpcore-4.4.9.jar;C:\Users\pravesh.bhatt\.m2\repository\org\apache\httpcomponents\httpmime\4.5.5\httpmime-4.5.5.jar;C:\Users\pravesh.bhatt\.m2\repository\org\fluentlenium\fluentlenium-core\0.10.2\fluentlenium-core-0.10.2.jar;C:\Users\pravesh.bhatt\.m2\repository\com\jhlabs\filters\2.0.235\filters-2.0.235.jar;C:\Users\pravesh.bhatt\.m2\repository\org\asciidoctor\asciidoctorj\1.5.6\asciidoctorj-1.5.6.jar;C:\Users\pravesh.bhatt\.m2\repository\org\jruby\jruby-complete\1.7.26\jruby-complete-1.7.26.jar;C:\Users\pravesh.bhatt\.m2\repository\org\imgscalr\imgscalr-lib\4.2\imgscalr-lib-4.2.jar;C:\Users\pravesh.bhatt\.m2\repository\javax\el\javax.el-api\2.2.4\javax.el-api-2.2.4.jar;C:\Users\pravesh.bhatt\.m2\repository\org\glassfish\web\javax.el\2.2.4\javax.el-2.2.4.jar;C:\Users\pravesh.bhatt\.m2\repository\xalan\xalan\2.7.2\xalan-2.7.2.jar;C:\Users\pravesh.bhatt\.m2\repository\xalan\serializer\2.7.2\serializer-2.7.2.jar;C:\Users\pravesh.bhatt\.m2\repository\org\awaitility\awaitility\4.0.1\awaitility-4.0.1.jar;C:\Users\pravesh.bhatt\.m2\repository\org\hamcrest\hamcrest\2.1\hamcrest-2.1.jar;C:\Users\pravesh.bhatt\.m2\repository\com\typesafe\config\1.3.1\config-1.3.1.jar;C:\Users\pravesh.bhatt\.m2\repository\org\jsoup\jsoup\1.10.3\jsoup-1.10.3.jar;C:\Users\pravesh.bhatt\.m2\repository\com\google\jimfs\jimfs\1.1\jimfs-1.1.jar;C:\Users\pravesh.bhatt\.m2\repository\com\vladsch\flexmark\flexmark-all\0.34.30\flexmark-all-0.34.30.jar;C:\Users\pravesh.bhatt\.m2\repository\com\vladsch\flexmark\flexmark\0.34.30\flexmark-0.34.30.jar;C:\Users\pravesh.bhatt\.m2\repository\com\vladsch\flexmark\flexmark-ext-abbreviation\0.34.30\flexmark-ext-abbreviation-0.34.30.jar;C:\Users\pravesh.bhatt\.m2\repository\com\vladsch\flexmark\flexmark-ext-admonition\0.34.30\flexmark-ext-admonition-0.34.30.jar;C:\Users\pravesh.bhatt\.m2\repository\com\vladsch\flexmark\flexmark-ext-anchorlink\0.34.30\flexmark-ext-anchorlink-0.34.30.jar;C:\Users\pravesh.bhatt\.m2\repository\com\vladsch\flexmark\flexmark-ext-aside\0.34.30\flexmark-ext-aside-0.34.30.jar;C:\Users\pravesh.bhatt\.m2\repository\com\vladsch\flexmark\flexmark-ext-attributes\0.34.30\flexmark-ext-attributes-0.34.30.jar;C:\Users\pravesh.bhatt\.m2\repository\com\vladsch\flexmark\flexmark-ext-autolink\0.34.30\flexmark-ext-autolink-0.34.30.jar;C:\Users\pravesh.bhatt\.m2\repository\org\nibor\autolink\autolink\0.6.0\autolink-0.6.0.jar;C:\Users\pravesh.bhatt\.m2\repository\com\vladsch\flexmark\flexmark-ext-definition\0.34.30\flexmark-ext-definition-0.34.30.jar;C:\Users\pravesh.bhatt\.m2\repository\com\vladsch\flexmark\flexmark-ext-emoji\0.34.30\flexmark-ext-emoji-0.34.30.jar;C:\Users\pravesh.bhatt\.m2\repository\com\vladsch\flexmark\flexmark-ext-enumerated-reference\0.34.30\flexmark-ext-enumerated-reference-0.34.30.jar;C:\Users\pravesh.bhatt\.m2\repository\com\vladsch\flexmark\flexmark-ext-escaped-character\0.34.30\flexmark-ext-escaped-character-0.34.30.jar;C:\Users\pravesh.bhatt\.m2\repository\com\vladsch\flexmark\flexmark-ext-footnotes\0.34.30\flexmark-ext-footnotes-0.34.30.jar;C:\Users\pravesh.bhatt\.m2\repository\com\vladsch\flexmark\flexmark-ext-gfm-issues\0.34.30\flexmark-ext-gfm-issues-0.34.30.jar;C:\Users\pravesh.bhatt\.m2\repository\com\vladsch\flexmark\flexmark-ext-gfm-strikethrough\0.34.30\flexmark-ext-gfm-strikethrough-0.34.30.jar;C:\Users\pravesh.bhatt\.m2\repository\com\vladsch\flexmark\flexmark-ext-gfm-tables\0.34.30\flexmark-ext-gfm-tables-0.34.30.jar;C:\Users\pravesh.bhatt\.m2\repository\com\vladsch\flexmark\flexmark-ext-gfm-tasklist\0.34.30\flexmark-ext-gfm-tasklist-0.34.30.jar;C:\Users\pravesh.bhatt\.m2\repository\com\vladsch\flexmark\flexmark-ext-gfm-users\0.34.30\flexmark-ext-gfm-users-0.34.30.jar;C:\Users\pravesh.bhatt\.m2\repository\com\vladsch\flexmark\flexmark-ext-gitlab\0.34.30\flexmark-ext-gitlab-0.34.30.jar;C:\Users\pravesh.bhatt\.m2\repository\com\vladsch\flexmark\flexmark-ext-jekyll-front-matter\0.34.30\flexmark-ext-jekyll-front-matter-0.34.30.jar;C:\Users\pravesh.bhatt\.m2\repository\com\vladsch\flexmark\flexmark-ext-jekyll-tag\0.34.30\flexmark-ext-jekyll-tag-0.34.30.jar;C:\Users\pravesh.bhatt\.m2\repository\com\vladsch\flexmark\flexmark-ext-media-tags\0.34.30\flexmark-ext-media-tags-0.34.30.jar;C:\Users\pravesh.bhatt\.m2\repository\com\vladsch\flexmark\flexmark-test-util\0.34.30\flexmark-test-util-0.34.30.jar;C:\Users\pravesh.bhatt\.m2\repository\com\vladsch\flexmark\flexmark-ext-ins\0.34.30\flexmark-ext-ins-0.34.30.jar;C:\Users\pravesh.bhatt\.m2\repository\com\vladsch\flexmark\flexmark-ext-xwiki-macros\0.34.30\flexmark-ext-xwiki-macros-0.34.30.jar;C:\Users\pravesh.bhatt\.m2\repository\com\vladsch\flexmark\flexmark-ext-superscript\0.34.30\flexmark-ext-superscript-0.34.30.jar;C:\Users\pravesh.bhatt\.m2\repository\com\vladsch\flexmark\flexmark-ext-tables\0.34.30\flexmark-ext-tables-0.34.30.jar;C:\Users\pravesh.bhatt\.m2\repository\com\vladsch\flexmark\flexmark-ext-toc\0.34.30\flexmark-ext-toc-0.34.30.jar;C:\Users\pravesh.bhatt\.m2\repository\com\vladsch\flexmark\flexmark-ext-typographic\0.34.30\flexmark-ext-typographic-0.34.30.jar;C:\Users\pravesh.bhatt\.m2\repository\com\vladsch\flexmark\flexmark-ext-wikilink\0.34.30\flexmark-ext-wikilink-0.34.30.jar;C:\Users\pravesh.bhatt\.m2\repository\com\vladsch\flexmark\flexmark-ext-yaml-front-matter\0.34.30\flexmark-ext-yaml-front-matter-0.34.30.jar;C:\Users\pravesh.bhatt\.m2\repository\com\vladsch\flexmark\flexmark-ext-youtube-embedded\0.34.30\flexmark-ext-youtube-embedded-0.34.30.jar;C:\Users\pravesh.bhatt\.m2\repository\com\vladsch\flexmark\flexmark-formatter\0.34.30\flexmark-formatter-0.34.30.jar;C:\Users\pravesh.bhatt\.m2\repository\com\vladsch\flexmark\flexmark-html-parser\0.34.30\flexmark-html-parser-0.34.30.jar;C:\Users\pravesh.bhatt\.m2\repository\com\vladsch\flexmark\flexmark-jira-converter\0.34.30\flexmark-jira-converter-0.34.30.jar;C:\Users\pravesh.bhatt\.m2\repository\com\vladsch\flexmark\flexmark-pdf-converter\0.34.30\flexmark-pdf-converter-0.34.30.jar;C:\Users\pravesh.bhatt\.m2\repository\com\openhtmltopdf\openhtmltopdf-core\0.0.1-RC13\openhtmltopdf-core-0.0.1-RC13.jar;C:\Users\pravesh.bhatt\.m2\repository\com\openhtmltopdf\openhtmltopdf-pdfbox\0.0.1-RC13\openhtmltopdf-pdfbox-0.0.1-RC13.jar;C:\Users\pravesh.bhatt\.m2\repository\org\apache\pdfbox\pdfbox\2.0.8\pdfbox-2.0.8.jar;C:\Users\pravesh.bhatt\.m2\repository\org\apache\pdfbox\fontbox\2.0.8\fontbox-2.0.8.jar;C:\Users\pravesh.bhatt\.m2\repository\org\apache\pdfbox\xmpbox\2.0.8\xmpbox-2.0.8.jar;C:\Users\pravesh.bhatt\.m2\repository\de\rototor\pdfbox\graphics2d\0.12\graphics2d-0.12.jar;C:\Users\pravesh.bhatt\.m2\repository\com\openhtmltopdf\openhtmltopdf-rtl-support\0.0.1-RC13\openhtmltopdf-rtl-support-0.0.1-RC13.jar;C:\Users\pravesh.bhatt\.m2\repository\com\ibm\icu\icu4j\59.1\icu4j-59.1.jar;C:\Users\pravesh.bhatt\.m2\repository\com\openhtmltopdf\openhtmltopdf-jsoup-dom-converter\0.0.1-RC13\openhtmltopdf-jsoup-dom-converter-0.0.1-RC13.jar;C:\Users\pravesh.bhatt\.m2\repository\com\vladsch\flexmark\flexmark-profile-pegdown\0.34.30\flexmark-profile-pegdown-0.34.30.jar;C:\Users\pravesh.bhatt\.m2\repository\com\vladsch\flexmark\flexmark-util\0.34.30\flexmark-util-0.34.30.jar;C:\Users\pravesh.bhatt\.m2\repository\com\vladsch\flexmark\flexmark-youtrack-converter\0.34.30\flexmark-youtrack-converter-0.34.30.jar;C:\Users\pravesh.bhatt\.m2\repository\io\cucumber\cucumber-java\4.8.0\cucumber-java-4.8.0.jar;C:\Users\pravesh.bhatt\.m2\repository\io\cucumber\cucumber-core\4.8.0\cucumber-core-4.8.0.jar;C:\Users\pravesh.bhatt\.m2\repository\io\cucumber\gherkin\5.1.0\gherkin-5.1.0.jar;C:\Users\pravesh.bhatt\.m2\repository\io\cucumber\tag-expressions\1.1.1\tag-expressions-1.1.1.jar;C:\Users\pravesh.bhatt\.m2\repository\io\cucumber\cucumber-expressions\7.0.2\cucumber-expressions-7.0.2.jar;C:\Users\pravesh.bhatt\.m2\repository\io\cucumber\datatable\1.1.14\datatable-1.1.14.jar;C:\Users\pravesh.bhatt\.m2\repository\io\cucumber\datatable-dependencies\1.1.14\datatable-dependencies-1.1.14.jar;C:\Users\pravesh.bhatt\.m2\repository\org\apiguardian\apiguardian-api\1.1.0\apiguardian-api-1.1.0.jar;C:\Users\pravesh.bhatt\.m2\repository\io\cucumber\cucumber-junit\4.8.0\cucumber-junit-4.8.0.jar;C:\Users\pravesh.bhatt\.m2\repository\net\serenity-bdd\serenity-junit\2.0.91\serenity-junit-2.0.91.jar;C:\Users\pravesh.bhatt\.m2\repository\net\serenity-bdd\serenity-rest-assured\2.0.91\serenity-rest-assured-2.0.91.jar;C:\Users\pravesh.bhatt\.m2\repository\io\rest-assured\rest-assured\3.3.0\rest-assured-3.3.0.jar;C:\Users\pravesh.bhatt\.m2\repository\org\ccil\cowan\tagsoup\tagsoup\1.2.1\tagsoup-1.2.1.jar;C:\Users\pravesh.bhatt\.m2\repository\io\rest-assured\json-path\3.3.0\json-path-3.3.0.jar;C:\Users\pravesh.bhatt\.m2\repository\io\rest-assured\rest-assured-common\3.3.0\rest-assured-common-3.3.0.jar;C:\Users\pravesh.bhatt\.m2\repository\io\rest-assured\xml-path\3.3.0\xml-path-3.3.0.jar;C:\Users\pravesh.bhatt\.m2\repository\com\sun\xml\bind\jaxb-osgi\2.2.10\jaxb-osgi-2.2.10.jar;C:\Users\pravesh.bhatt\.m2\repository\org\apache\sling\org.apache.sling.javax.activation\0.1.0\org.apache.sling.javax.activation-0.1.0.jar;C:\Users\pravesh.bhatt\.m2\repository\org\codehaus\groovy\groovy-xml\2.5.5\groovy-xml-2.5.5.jar;C:\Users\pravesh.bhatt\.m2\repository\org\codehaus\groovy\groovy-json\2.5.5\groovy-json-2.5.5.jar;C:\Users\pravesh.bhatt\.m2\repository\net\serenity-bdd\serenity-screenplay\2.0.91\serenity-screenplay-2.0.91.jar;C:\Users\pravesh.bhatt\.m2\repository\net\serenity-bdd\serenity-screenplay-rest\2.0.91\serenity-screenplay-rest-2.0.91.jar;C:\Users\pravesh.bhatt\.m2\repository\net\serenity-bdd\serenity-cucumber4\1.0.30\serenity-cucumber4-1.0.30.jar;C:\Users\pravesh.bhatt\.m2\repository\net\serenity-bdd\serenity-screenplay-webdriver\2.0.90\serenity-screenplay-webdriver-2.0.90.jar;C:\Users\pravesh.bhatt\.m2\repository\io\cucumber\datatable-matchers\1.1.14\datatable-matchers-1.1.14.jar;C:\Users\pravesh.bhatt\.m2\repository\org\apache\commons\commons-csv\1.5\commons-csv-1.5.jar;C:\Users\pravesh.bhatt\.m2\repository\junit\junit\4.12\junit-4.12.jar;C:\Users\pravesh.bhatt\.m2\repository\org\assertj\assertj-core\3.6.2\assertj-core-3.6.2.jar;C:\Users\pravesh.bhatt\.m2\repository\org\hamcrest\hamcrest-all\1.3\hamcrest-all-1.3.jar;C:\Users\pravesh.bhatt\.m2\repository\net\bytebuddy\byte-buddy\1.9.13\byte-buddy-1.9.13.jar;C:\Users\pravesh.bhatt\.m2\repository\io\springfox\springfox-swagger2\2.7.0\springfox-swagger2-2.7.0.jar;C:\Users\pravesh.bhatt\.m2\repository\io\swagger\swagger-annotations\1.5.13\swagger-annotations-1.5.13.jar;C:\Users\pravesh.bhatt\.m2\repository\io\swagger\swagger-models\1.5.13\swagger-models-1.5.13.jar;C:\Users\pravesh.bhatt\.m2\repository\com\fasterxml\jackson\core\jackson-annotations\2.8.5\jackson-annotations-2.8.5.jar;C:\Users\pravesh.bhatt\.m2\repository\io\springfox\springfox-spi\2.7.0\springfox-spi-2.7.0.jar;C:\Users\pravesh.bhatt\.m2\repository\io\springfox\springfox-core\2.7.0\springfox-core-2.7.0.jar;C:\Users\pravesh.bhatt\.m2\repository\io\springfox\springfox-schema\2.7.0\springfox-schema-2.7.0.jar;C:\Users\pravesh.bhatt\.m2\repository\io\springfox\springfox-swagger-common\2.7.0\springfox-swagger-common-2.7.0.jar;C:\Users\pravesh.bhatt\.m2\repository\io\springfox\springfox-spring-web\2.7.0\springfox-spring-web-2.7.0.jar;C:\Users\pravesh.bhatt\.m2\repository\org\reflections\reflections\0.9.11\reflections-0.9.11.jar;C:\Users\pravesh.bhatt\.m2\repository\org\javassist\javassist\3.21.0-GA\javassist-3.21.0-GA.jar;C:\Users\pravesh.bhatt\.m2\repository\com\fasterxml\classmate\1.3.3\classmate-1.3.3.jar;C:\Users\pravesh.bhatt\.m2\repository\org\springframework\plugin\spring-plugin-core\1.2.0.RELEASE\spring-plugin-core-1.2.0.RELEASE.jar;C:\Users\pravesh.bhatt\.m2\repository\org\springframework\spring-aop\4.0.9.RELEASE\spring-aop-4.0.9.RELEASE.jar;C:\Users\pravesh.bhatt\.m2\repository\org\springframework\plugin\spring-plugin-metadata\1.2.0.RELEASE\spring-plugin-metadata-1.2.0.RELEASE.jar;C:\Users\pravesh.bhatt\.m2\repository\org\mapstruct\mapstruct\1.1.0.Final\mapstruct-1.1.0.Final.jar;C:\Users\pravesh.bhatt\.m2\repository\io\springfox\springfox-swagger-ui\2.7.0\springfox-swagger-ui-2.7.0.jar;C:\Users\pravesh.bhatt\.m2\repository\com\github\lalyos\jfiglet\0.0.3\jfiglet-0.0.3.jar;C:\Users\pravesh.bhatt\.m2\repository\org\apache\poi\poi\4.1.0\poi-4.1.0.jar;C:\Users\pravesh.bhatt\.m2\repository\org\apache\commons\commons-collections4\4.3\commons-collections4-4.3.jar;C:\Users\pravesh.bhatt\.m2\repository\org\apache\commons\commons-math3\3.6.1\commons-math3-3.6.1.jar;C:\Users\pravesh.bhatt\.m2\repository\org\apache\poi\poi-ooxml\4.1.0\poi-ooxml-4.1.0.jar;C:\Users\pravesh.bhatt\.m2\repository\org\apache\poi\poi-ooxml-schemas\4.1.0\poi-ooxml-schemas-4.1.0.jar;C:\Users\pravesh.bhatt\.m2\repository\org\apache\xmlbeans\xmlbeans\3.1.0\xmlbeans-3.1.0.jar;C:\Users\pravesh.bhatt\.m2\repository\org\apache\commons\commons-compress\1.18\commons-compress-1.18.jar;C:\Users\pravesh.bhatt\.m2\repository\com\github\virtuald\curvesapi\1.06\curvesapi-1.06.jar;"/>
    <property name="java.vm.vendor" value="Oracle Corporation"/>
    <property name="sun.arch.data.model" value="64"/>
    <property name="user.variant" value=""/>
    <property name="java.vendor.url" value="http://java.oracle.com/"/>
    <property name="user.timezone" value="Asia/Calcutta"/>
    <property name="java.vm.specification.version" value="1.8"/>
    <property name="os.name" value="Windows 10"/>
    <property name="user.country" value="US"/>
    <property name="sun.java.launcher" value="SUN_STANDARD"/>
    <property name="sun.boot.library.path" value="C:\Program Files\Java\jdk1.8.0_231\jre\bin"/>
    <property name="sun.java.command" value="C:\Users\PRAVES~1.BHA\AppData\Local\Temp\surefire5955004121846618709\surefirebooter6857483083161103838.jar C:\Users\pravesh.bhatt\AppData\Local\Temp\surefire5955004121846618709 2020-05-31T22-31-59_215-jvmRun1 surefire8914142258715238476tmp surefire_03065167129578758285tmp"/>
    <property name="surefire.test.class.path" value="C:\Users\pravesh.bhatt\Desktop\ACEND\workspace\atdd-framework-master\Senerity-BDD-Framework\target\test-classes;C:\Users\pravesh.bhatt\Desktop\ACEND\workspace\atdd-framework-master\Senerity-BDD-Framework\target\Senerity-ATDD-Framework-1.0.0-SNAPSHOT.jar;C:\Users\pravesh.bhatt\.m2\repository\ch\qos\logback\logback-classic\1.2.3\logback-classic-1.2.3.jar;C:\Users\pravesh.bhatt\.m2\repository\ch\qos\logback\logback-core\1.2.3\logback-core-1.2.3.jar;C:\Users\pravesh.bhatt\.m2\repository\org\slf4j\slf4j-api\1.7.25\slf4j-api-1.7.25.jar;C:\Users\pravesh.bhatt\.m2\repository\net\serenity-bdd\serenity-core\2.0.91\serenity-core-2.0.91.jar;C:\Users\pravesh.bhatt\.m2\repository\net\bytebuddy\byte-buddy-agent\1.10.1\byte-buddy-agent-1.10.1.jar;C:\Users\pravesh.bhatt\.m2\repository\com\google\guava\guava\25.0-jre\guava-25.0-jre.jar;C:\Users\pravesh.bhatt\.m2\repository\com\google\code\findbugs\jsr305\1.3.9\jsr305-1.3.9.jar;C:\Users\pravesh.bhatt\.m2\repository\org\checkerframework\checker-compat-qual\2.0.0\checker-compat-qual-2.0.0.jar;C:\Users\pravesh.bhatt\.m2\repository\com\google\errorprone\error_prone_annotations\2.1.3\error_prone_annotations-2.1.3.jar;C:\Users\pravesh.bhatt\.m2\repository\com\google\j2objc\j2objc-annotations\1.1\j2objc-annotations-1.1.jar;C:\Users\pravesh.bhatt\.m2\repository\org\codehaus\mojo\animal-sniffer-annotations\1.14\animal-sniffer-annotations-1.14.jar;C:\Users\pravesh.bhatt\.m2\repository\com\google\inject\guice\4.2.2\guice-4.2.2.jar;C:\Users\pravesh.bhatt\.m2\repository\javax\inject\javax.inject\1\javax.inject-1.jar;C:\Users\pravesh.bhatt\.m2\repository\aopalliance\aopalliance\1.0\aopalliance-1.0.jar;C:\Users\pravesh.bhatt\.m2\repository\org\ow2\asm\asm\7.2\asm-7.2.jar;C:\Users\pravesh.bhatt\.m2\repository\commons-codec\commons-codec\1.10\commons-codec-1.10.jar;C:\Users\pravesh.bhatt\.m2\repository\org\objenesis\objenesis\3.0.1\objenesis-3.0.1.jar;C:\Users\pravesh.bhatt\.m2\repository\xml-apis\xml-apis\1.4.01\xml-apis-1.4.01.jar;C:\Users\pravesh.bhatt\.m2\repository\commons-logging\commons-logging\1.2\commons-logging-1.2.jar;C:\Users\pravesh.bhatt\.m2\repository\io\vavr\vavr\0.9.0\vavr-0.9.0.jar;C:\Users\pravesh.bhatt\.m2\repository\io\vavr\vavr-match\0.9.0\vavr-match-0.9.0.jar;C:\Users\pravesh.bhatt\.m2\repository\javax\xml\bind\jaxb-api\2.2.12\jaxb-api-2.2.12.jar;C:\Users\pravesh.bhatt\.m2\repository\com\sun\xml\bind\jaxb-core\2.3.0.1\jaxb-core-2.3.0.1.jar;C:\Users\pravesh.bhatt\.m2\repository\com\sun\xml\bind\jaxb-impl\2.3.0.1\jaxb-impl-2.3.0.1.jar;C:\Users\pravesh.bhatt\.m2\repository\javax\activation\activation\1.1.1\activation-1.1.1.jar;C:\Users\pravesh.bhatt\.m2\repository\org\mockito\mockito-core\3.1.0\mockito-core-3.1.0.jar;C:\Users\pravesh.bhatt\.m2\repository\net\serenity-bdd\serenity-report-resources\2.0.91\serenity-report-resources-2.0.91.jar;C:\Users\pravesh.bhatt\.m2\repository\net\serenity-bdd\serenity-model\2.0.91\serenity-model-2.0.91.jar;C:\Users\pravesh.bhatt\.m2\repository\commons-net\commons-net\3.6\commons-net-3.6.jar;C:\Users\pravesh.bhatt\.m2\repository\org\apache\commons\commons-text\1.6\commons-text-1.6.jar;C:\Users\pravesh.bhatt\.m2\repository\es\nitaur\markdown\txtmark\0.16\txtmark-0.16.jar;C:\Users\pravesh.bhatt\.m2\repository\net\serenity-bdd\serenity-reports\2.0.91\serenity-reports-2.0.91.jar;C:\Users\pravesh.bhatt\.m2\repository\net\serenity-bdd\serenity-stats\2.0.91\serenity-stats-2.0.91.jar;C:\Users\pravesh.bhatt\.m2\repository\org\jetbrains\kotlin\kotlin-stdlib\1.3.31\kotlin-stdlib-1.3.31.jar;C:\Users\pravesh.bhatt\.m2\repository\org\jetbrains\kotlin\kotlin-stdlib-common\1.3.31\kotlin-stdlib-common-1.3.31.jar;C:\Users\pravesh.bhatt\.m2\repository\org\jetbrains\annotations\13.0\annotations-13.0.jar;C:\Users\pravesh.bhatt\.m2\repository\com\google\code\gson\gson\2.8.4\gson-2.8.4.jar;C:\Users\pravesh.bhatt\.m2\repository\commons-io\commons-io\2.6\commons-io-2.6.jar;C:\Users\pravesh.bhatt\.m2\repository\org\seleniumhq\selenium\selenium-server\3.141.59\selenium-server-3.141.59.jar;C:\Users\pravesh.bhatt\.m2\repository\org\seleniumhq\selenium\selenium-firefox-driver\3.141.59\selenium-firefox-driver-3.141.59.jar;C:\Users\pravesh.bhatt\.m2\repository\org\seleniumhq\selenium\selenium-ie-driver\3.141.59\selenium-ie-driver-3.141.59.jar;C:\Users\pravesh.bhatt\.m2\repository\com\beust\jcommander\1.72\jcommander-1.72.jar;C:\Users\pravesh.bhatt\.m2\repository\org\apache\commons\commons-exec\1.3\commons-exec-1.3.jar;C:\Users\pravesh.bhatt\.m2\repository\net\jcip\jcip-annotations\1.0\jcip-annotations-1.0.jar;C:\Users\pravesh.bhatt\.m2\repository\org\seleniumhq\selenium\jetty-repacked\9.4.12.v20180830\jetty-repacked-9.4.12.v20180830.jar;C:\Users\pravesh.bhatt\.m2\repository\com\squareup\okhttp3\okhttp\3.11.0\okhttp-3.11.0.jar;C:\Users\pravesh.bhatt\.m2\repository\com\squareup\okio\okio\1.14.0\okio-1.14.0.jar;C:\Users\pravesh.bhatt\.m2\repository\javax\servlet\javax.servlet-api\3.1.0\javax.servlet-api-3.1.0.jar;C:\Users\pravesh.bhatt\.m2\repository\org\yaml\snakeyaml\1.19\snakeyaml-1.19.jar;C:\Users\pravesh.bhatt\.m2\repository\org\seleniumhq\selenium\selenium-java\3.141.59\selenium-java-3.141.59.jar;C:\Users\pravesh.bhatt\.m2\repository\org\seleniumhq\selenium\selenium-api\3.141.59\selenium-api-3.141.59.jar;C:\Users\pravesh.bhatt\.m2\repository\org\seleniumhq\selenium\selenium-chrome-driver\3.141.59\selenium-chrome-driver-3.141.59.jar;C:\Users\pravesh.bhatt\.m2\repository\org\seleniumhq\selenium\selenium-edge-driver\3.141.59\selenium-edge-driver-3.141.59.jar;C:\Users\pravesh.bhatt\.m2\repository\org\seleniumhq\selenium\selenium-remote-driver\3.141.59\selenium-remote-driver-3.141.59.jar;C:\Users\pravesh.bhatt\.m2\repository\org\seleniumhq\selenium\selenium-safari-driver\3.141.59\selenium-safari-driver-3.141.59.jar;C:\Users\pravesh.bhatt\.m2\repository\org\seleniumhq\selenium\selenium-opera-driver\3.141.59\selenium-opera-driver-3.141.59.jar;C:\Users\pravesh.bhatt\.m2\repository\org\seleniumhq\selenium\selenium-support\3.141.59\selenium-support-3.141.59.jar;C:\Users\pravesh.bhatt\.m2\repository\com\paulhammant\ngwebdriver\1.1.4\ngwebdriver-1.1.4.jar;C:\Users\pravesh.bhatt\.m2\repository\com\codeborne\phantomjsdriver\1.4.4\phantomjsdriver-1.4.4.jar;C:\Users\pravesh.bhatt\.m2\repository\org\seleniumhq\selenium\htmlunit-driver\2.36.0\htmlunit-driver-2.36.0.jar;C:\Users\pravesh.bhatt\.m2\repository\io\appium\java-client\7.3.0\java-client-7.3.0.jar;C:\Users\pravesh.bhatt\.m2\repository\commons-validator\commons-validator\1.6\commons-validator-1.6.jar;C:\Users\pravesh.bhatt\.m2\repository\commons-beanutils\commons-beanutils\1.9.2\commons-beanutils-1.9.2.jar;C:\Users\pravesh.bhatt\.m2\repository\commons-digester\commons-digester\1.8.1\commons-digester-1.8.1.jar;C:\Users\pravesh.bhatt\.m2\repository\org\aspectj\aspectjweaver\1.9.4\aspectjweaver-1.9.4.jar;C:\Users\pravesh.bhatt\.m2\repository\org\springframework\spring-context-support\5.1.2.RELEASE\spring-context-support-5.1.2.RELEASE.jar;C:\Users\pravesh.bhatt\.m2\repository\org\springframework\spring-beans\5.1.2.RELEASE\spring-beans-5.1.2.RELEASE.jar;C:\Users\pravesh.bhatt\.m2\repository\org\springframework\spring-context\5.1.2.RELEASE\spring-context-5.1.2.RELEASE.jar;C:\Users\pravesh.bhatt\.m2\repository\org\springframework\spring-expression\5.1.2.RELEASE\spring-expression-5.1.2.RELEASE.jar;C:\Users\pravesh.bhatt\.m2\repository\org\springframework\spring-core\5.1.2.RELEASE\spring-core-5.1.2.RELEASE.jar;C:\Users\pravesh.bhatt\.m2\repository\org\springframework\spring-jcl\5.1.2.RELEASE\spring-jcl-5.1.2.RELEASE.jar;C:\Users\pravesh.bhatt\.m2\repository\org\codehaus\groovy\groovy\2.5.5\groovy-2.5.5.jar;C:\Users\pravesh.bhatt\.m2\repository\net\sf\opencsv\opencsv\2.0\opencsv-2.0.jar;C:\Users\pravesh.bhatt\.m2\repository\commons-beanutils\commons-beanutils-core\1.8.3\commons-beanutils-core-1.8.3.jar;C:\Users\pravesh.bhatt\.m2\repository\joda-time\joda-time\2.7\joda-time-2.7.jar;C:\Users\pravesh.bhatt\.m2\repository\com\thoughtworks\xstream\xstream\1.4.9\xstream-1.4.9.jar;C:\Users\pravesh.bhatt\.m2\repository\xmlpull\xmlpull\1.1.3.1\xmlpull-1.1.3.1.jar;C:\Users\pravesh.bhatt\.m2\repository\xpp3\xpp3_min\1.1.4c\xpp3_min-1.1.4c.jar;C:\Users\pravesh.bhatt\.m2\repository\org\apache\commons\commons-lang3\3.8.1\commons-lang3-3.8.1.jar;C:\Users\pravesh.bhatt\.m2\repository\commons-collections\commons-collections\3.2.2\commons-collections-3.2.2.jar;C:\Users\pravesh.bhatt\.m2\repository\org\freemarker\freemarker\2.3.28\freemarker-2.3.28.jar;C:\Users\pravesh.bhatt\.m2\repository\net\sourceforge\jexcelapi\jxl\2.6.12\jxl-2.6.12.jar;C:\Users\pravesh.bhatt\.m2\repository\org\hamcrest\hamcrest-core\1.3\hamcrest-core-1.3.jar;C:\Users\pravesh.bhatt\.m2\repository\org\hamcrest\hamcrest-library\1.3\hamcrest-library-1.3.jar;C:\Users\pravesh.bhatt\.m2\repository\net\sourceforge\htmlunit\htmlunit\2.36.0\htmlunit-2.36.0.jar;C:\Users\pravesh.bhatt\.m2\repository\net\sourceforge\htmlunit\htmlunit-core-js\2.36.0\htmlunit-core-js-2.36.0.jar;C:\Users\pravesh.bhatt\.m2\repository\net\sourceforge\htmlunit\neko-htmlunit\2.36.0\neko-htmlunit-2.36.0.jar;C:\Users\pravesh.bhatt\.m2\repository\xerces\xercesImpl\2.12.0\xercesImpl-2.12.0.jar;C:\Users\pravesh.bhatt\.m2\repository\net\sourceforge\htmlunit\htmlunit-cssparser\1.5.0\htmlunit-cssparser-1.5.0.jar;C:\Users\pravesh.bhatt\.m2\repository\org\brotli\dec\0.1.2\dec-0.1.2.jar;C:\Users\pravesh.bhatt\.m2\repository\org\eclipse\jetty\websocket\websocket-client\9.4.20.v20190813\websocket-client-9.4.20.v20190813.jar;C:\Users\pravesh.bhatt\.m2\repository\org\eclipse\jetty\jetty-client\9.4.20.v20190813\jetty-client-9.4.20.v20190813.jar;C:\Users\pravesh.bhatt\.m2\repository\org\eclipse\jetty\jetty-http\9.4.20.v20190813\jetty-http-9.4.20.v20190813.jar;C:\Users\pravesh.bhatt\.m2\repository\org\eclipse\jetty\jetty-xml\9.4.20.v20190813\jetty-xml-9.4.20.v20190813.jar;C:\Users\pravesh.bhatt\.m2\repository\org\eclipse\jetty\jetty-util\9.4.20.v20190813\jetty-util-9.4.20.v20190813.jar;C:\Users\pravesh.bhatt\.m2\repository\org\eclipse\jetty\jetty-io\9.4.20.v20190813\jetty-io-9.4.20.v20190813.jar;C:\Users\pravesh.bhatt\.m2\repository\org\eclipse\jetty\websocket\websocket-common\9.4.20.v20190813\websocket-common-9.4.20.v20190813.jar;C:\Users\pravesh.bhatt\.m2\repository\org\eclipse\jetty\websocket\websocket-api\9.4.20.v20190813\websocket-api-9.4.20.v20190813.jar;C:\Users\pravesh.bhatt\.m2\repository\org\apache\httpcomponents\httpclient\4.5.5\httpclient-4.5.5.jar;C:\Users\pravesh.bhatt\.m2\repository\org\apache\httpcomponents\httpcore\4.4.9\httpcore-4.4.9.jar;C:\Users\pravesh.bhatt\.m2\repository\org\apache\httpcomponents\httpmime\4.5.5\httpmime-4.5.5.jar;C:\Users\pravesh.bhatt\.m2\repository\org\fluentlenium\fluentlenium-core\0.10.2\fluentlenium-core-0.10.2.jar;C:\Users\pravesh.bhatt\.m2\repository\com\jhlabs\filters\2.0.235\filters-2.0.235.jar;C:\Users\pravesh.bhatt\.m2\repository\org\asciidoctor\asciidoctorj\1.5.6\asciidoctorj-1.5.6.jar;C:\Users\pravesh.bhatt\.m2\repository\org\jruby\jruby-complete\1.7.26\jruby-complete-1.7.26.jar;C:\Users\pravesh.bhatt\.m2\repository\org\imgscalr\imgscalr-lib\4.2\imgscalr-lib-4.2.jar;C:\Users\pravesh.bhatt\.m2\repository\javax\el\javax.el-api\2.2.4\javax.el-api-2.2.4.jar;C:\Users\pravesh.bhatt\.m2\repository\org\glassfish\web\javax.el\2.2.4\javax.el-2.2.4.jar;C:\Users\pravesh.bhatt\.m2\repository\xalan\xalan\2.7.2\xalan-2.7.2.jar;C:\Users\pravesh.bhatt\.m2\repository\xalan\serializer\2.7.2\serializer-2.7.2.jar;C:\Users\pravesh.bhatt\.m2\repository\org\awaitility\awaitility\4.0.1\awaitility-4.0.1.jar;C:\Users\pravesh.bhatt\.m2\repository\org\hamcrest\hamcrest\2.1\hamcrest-2.1.jar;C:\Users\pravesh.bhatt\.m2\repository\com\typesafe\config\1.3.1\config-1.3.1.jar;C:\Users\pravesh.bhatt\.m2\repository\org\jsoup\jsoup\1.10.3\jsoup-1.10.3.jar;C:\Users\pravesh.bhatt\.m2\repository\com\google\jimfs\jimfs\1.1\jimfs-1.1.jar;C:\Users\pravesh.bhatt\.m2\repository\com\vladsch\flexmark\flexmark-all\0.34.30\flexmark-all-0.34.30.jar;C:\Users\pravesh.bhatt\.m2\repository\com\vladsch\flexmark\flexmark\0.34.30\flexmark-0.34.30.jar;C:\Users\pravesh.bhatt\.m2\repository\com\vladsch\flexmark\flexmark-ext-abbreviation\0.34.30\flexmark-ext-abbreviation-0.34.30.jar;C:\Users\pravesh.bhatt\.m2\repository\com\vladsch\flexmark\flexmark-ext-admonition\0.34.30\flexmark-ext-admonition-0.34.30.jar;C:\Users\pravesh.bhatt\.m2\repository\com\vladsch\flexmark\flexmark-ext-anchorlink\0.34.30\flexmark-ext-anchorlink-0.34.30.jar;C:\Users\pravesh.bhatt\.m2\repository\com\vladsch\flexmark\flexmark-ext-aside\0.34.30\flexmark-ext-aside-0.34.30.jar;C:\Users\pravesh.bhatt\.m2\repository\com\vladsch\flexmark\flexmark-ext-attributes\0.34.30\flexmark-ext-attributes-0.34.30.jar;C:\Users\pravesh.bhatt\.m2\repository\com\vladsch\flexmark\flexmark-ext-autolink\0.34.30\flexmark-ext-autolink-0.34.30.jar;C:\Users\pravesh.bhatt\.m2\repository\org\nibor\autolink\autolink\0.6.0\autolink-0.6.0.jar;C:\Users\pravesh.bhatt\.m2\repository\com\vladsch\flexmark\flexmark-ext-definition\0.34.30\flexmark-ext-definition-0.34.30.jar;C:\Users\pravesh.bhatt\.m2\repository\com\vladsch\flexmark\flexmark-ext-emoji\0.34.30\flexmark-ext-emoji-0.34.30.jar;C:\Users\pravesh.bhatt\.m2\repository\com\vladsch\flexmark\flexmark-ext-enumerated-reference\0.34.30\flexmark-ext-enumerated-reference-0.34.30.jar;C:\Users\pravesh.bhatt\.m2\repository\com\vladsch\flexmark\flexmark-ext-escaped-character\0.34.30\flexmark-ext-escaped-character-0.34.30.jar;C:\Users\pravesh.bhatt\.m2\repository\com\vladsch\flexmark\flexmark-ext-footnotes\0.34.30\flexmark-ext-footnotes-0.34.30.jar;C:\Users\pravesh.bhatt\.m2\repository\com\vladsch\flexmark\flexmark-ext-gfm-issues\0.34.30\flexmark-ext-gfm-issues-0.34.30.jar;C:\Users\pravesh.bhatt\.m2\repository\com\vladsch\flexmark\flexmark-ext-gfm-strikethrough\0.34.30\flexmark-ext-gfm-strikethrough-0.34.30.jar;C:\Users\pravesh.bhatt\.m2\repository\com\vladsch\flexmark\flexmark-ext-gfm-tables\0.34.30\flexmark-ext-gfm-tables-0.34.30.jar;C:\Users\pravesh.bhatt\.m2\repository\com\vladsch\flexmark\flexmark-ext-gfm-tasklist\0.34.30\flexmark-ext-gfm-tasklist-0.34.30.jar;C:\Users\pravesh.bhatt\.m2\repository\com\vladsch\flexmark\flexmark-ext-gfm-users\0.34.30\flexmark-ext-gfm-users-0.34.30.jar;C:\Users\pravesh.bhatt\.m2\repository\com\vladsch\flexmark\flexmark-ext-gitlab\0.34.30\flexmark-ext-gitlab-0.34.30.jar;C:\Users\pravesh.bhatt\.m2\repository\com\vladsch\flexmark\flexmark-ext-jekyll-front-matter\0.34.30\flexmark-ext-jekyll-front-matter-0.34.30.jar;C:\Users\pravesh.bhatt\.m2\repository\com\vladsch\flexmark\flexmark-ext-jekyll-tag\0.34.30\flexmark-ext-jekyll-tag-0.34.30.jar;C:\Users\pravesh.bhatt\.m2\repository\com\vladsch\flexmark\flexmark-ext-media-tags\0.34.30\flexmark-ext-media-tags-0.34.30.jar;C:\Users\pravesh.bhatt\.m2\repository\com\vladsch\flexmark\flexmark-test-util\0.34.30\flexmark-test-util-0.34.30.jar;C:\Users\pravesh.bhatt\.m2\repository\com\vladsch\flexmark\flexmark-ext-ins\0.34.30\flexmark-ext-ins-0.34.30.jar;C:\Users\pravesh.bhatt\.m2\repository\com\vladsch\flexmark\flexmark-ext-xwiki-macros\0.34.30\flexmark-ext-xwiki-macros-0.34.30.jar;C:\Users\pravesh.bhatt\.m2\repository\com\vladsch\flexmark\flexmark-ext-superscript\0.34.30\flexmark-ext-superscript-0.34.30.jar;C:\Users\pravesh.bhatt\.m2\repository\com\vladsch\flexmark\flexmark-ext-tables\0.34.30\flexmark-ext-tables-0.34.30.jar;C:\Users\pravesh.bhatt\.m2\repository\com\vladsch\flexmark\flexmark-ext-toc\0.34.30\flexmark-ext-toc-0.34.30.jar;C:\Users\pravesh.bhatt\.m2\repository\com\vladsch\flexmark\flexmark-ext-typographic\0.34.30\flexmark-ext-typographic-0.34.30.jar;C:\Users\pravesh.bhatt\.m2\repository\com\vladsch\flexmark\flexmark-ext-wikilink\0.34.30\flexmark-ext-wikilink-0.34.30.jar;C:\Users\pravesh.bhatt\.m2\repository\com\vladsch\flexmark\flexmark-ext-yaml-front-matter\0.34.30\flexmark-ext-yaml-front-matter-0.34.30.jar;C:\Users\pravesh.bhatt\.m2\repository\com\vladsch\flexmark\flexmark-ext-youtube-embedded\0.34.30\flexmark-ext-youtube-embedded-0.34.30.jar;C:\Users\pravesh.bhatt\.m2\repository\com\vladsch\flexmark\flexmark-formatter\0.34.30\flexmark-formatter-0.34.30.jar;C:\Users\pravesh.bhatt\.m2\repository\com\vladsch\flexmark\flexmark-html-parser\0.34.30\flexmark-html-parser-0.34.30.jar;C:\Users\pravesh.bhatt\.m2\repository\com\vladsch\flexmark\flexmark-jira-converter\0.34.30\flexmark-jira-converter-0.34.30.jar;C:\Users\pravesh.bhatt\.m2\repository\com\vladsch\flexmark\flexmark-pdf-converter\0.34.30\flexmark-pdf-converter-0.34.30.jar;C:\Users\pravesh.bhatt\.m2\repository\com\openhtmltopdf\openhtmltopdf-core\0.0.1-RC13\openhtmltopdf-core-0.0.1-RC13.jar;C:\Users\pravesh.bhatt\.m2\repository\com\openhtmltopdf\openhtmltopdf-pdfbox\0.0.1-RC13\openhtmltopdf-pdfbox-0.0.1-RC13.jar;C:\Users\pravesh.bhatt\.m2\repository\org\apache\pdfbox\pdfbox\2.0.8\pdfbox-2.0.8.jar;C:\Users\pravesh.bhatt\.m2\repository\org\apache\pdfbox\fontbox\2.0.8\fontbox-2.0.8.jar;C:\Users\pravesh.bhatt\.m2\repository\org\apache\pdfbox\xmpbox\2.0.8\xmpbox-2.0.8.jar;C:\Users\pravesh.bhatt\.m2\repository\de\rototor\pdfbox\graphics2d\0.12\graphics2d-0.12.jar;C:\Users\pravesh.bhatt\.m2\repository\com\openhtmltopdf\openhtmltopdf-rtl-support\0.0.1-RC13\openhtmltopdf-rtl-support-0.0.1-RC13.jar;C:\Users\pravesh.bhatt\.m2\repository\com\ibm\icu\icu4j\59.1\icu4j-59.1.jar;C:\Users\pravesh.bhatt\.m2\repository\com\openhtmltopdf\openhtmltopdf-jsoup-dom-converter\0.0.1-RC13\openhtmltopdf-jsoup-dom-converter-0.0.1-RC13.jar;C:\Users\pravesh.bhatt\.m2\repository\com\vladsch\flexmark\flexmark-profile-pegdown\0.34.30\flexmark-profile-pegdown-0.34.30.jar;C:\Users\pravesh.bhatt\.m2\repository\com\vladsch\flexmark\flexmark-util\0.34.30\flexmark-util-0.34.30.jar;C:\Users\pravesh.bhatt\.m2\repository\com\vladsch\flexmark\flexmark-youtrack-converter\0.34.30\flexmark-youtrack-converter-0.34.30.jar;C:\Users\pravesh.bhatt\.m2\repository\io\cucumber\cucumber-java\4.8.0\cucumber-java-4.8.0.jar;C:\Users\pravesh.bhatt\.m2\repository\io\cucumber\cucumber-core\4.8.0\cucumber-core-4.8.0.jar;C:\Users\pravesh.bhatt\.m2\repository\io\cucumber\gherkin\5.1.0\gherkin-5.1.0.jar;C:\Users\pravesh.bhatt\.m2\repository\io\cucumber\tag-expressions\1.1.1\tag-expressions-1.1.1.jar;C:\Users\pravesh.bhatt\.m2\repository\io\cucumber\cucumber-expressions\7.0.2\cucumber-expressions-7.0.2.jar;C:\Users\pravesh.bhatt\.m2\repository\io\cucumber\datatable\1.1.14\datatable-1.1.14.jar;C:\Users\pravesh.bhatt\.m2\repository\io\cucumber\datatable-dependencies\1.1.14\datatable-dependencies-1.1.14.jar;C:\Users\pravesh.bhatt\.m2\repository\org\apiguardian\apiguardian-api\1.1.0\apiguardian-api-1.1.0.jar;C:\Users\pravesh.bhatt\.m2\repository\io\cucumber\cucumber-junit\4.8.0\cucumber-junit-4.8.0.jar;C:\Users\pravesh.bhatt\.m2\repository\net\serenity-bdd\serenity-junit\2.0.91\serenity-junit-2.0.91.jar;C:\Users\pravesh.bhatt\.m2\repository\net\serenity-bdd\serenity-rest-assured\2.0.91\serenity-rest-assured-2.0.91.jar;C:\Users\pravesh.bhatt\.m2\repository\io\rest-assured\rest-assured\3.3.0\rest-assured-3.3.0.jar;C:\Users\pravesh.bhatt\.m2\repository\org\ccil\cowan\tagsoup\tagsoup\1.2.1\tagsoup-1.2.1.jar;C:\Users\pravesh.bhatt\.m2\repository\io\rest-assured\json-path\3.3.0\json-path-3.3.0.jar;C:\Users\pravesh.bhatt\.m2\repository\io\rest-assured\rest-assured-common\3.3.0\rest-assured-common-3.3.0.jar;C:\Users\pravesh.bhatt\.m2\repository\io\rest-assured\xml-path\3.3.0\xml-path-3.3.0.jar;C:\Users\pravesh.bhatt\.m2\repository\com\sun\xml\bind\jaxb-osgi\2.2.10\jaxb-osgi-2.2.10.jar;C:\Users\pravesh.bhatt\.m2\repository\org\apache\sling\org.apache.sling.javax.activation\0.1.0\org.apache.sling.javax.activation-0.1.0.jar;C:\Users\pravesh.bhatt\.m2\repository\org\codehaus\groovy\groovy-xml\2.5.5\groovy-xml-2.5.5.jar;C:\Users\pravesh.bhatt\.m2\repository\org\codehaus\groovy\groovy-json\2.5.5\groovy-json-2.5.5.jar;C:\Users\pravesh.bhatt\.m2\repository\net\serenity-bdd\serenity-screenplay\2.0.91\serenity-screenplay-2.0.91.jar;C:\Users\pravesh.bhatt\.m2\repository\net\serenity-bdd\serenity-screenplay-rest\2.0.91\serenity-screenplay-rest-2.0.91.jar;C:\Users\pravesh.bhatt\.m2\repository\net\serenity-bdd\serenity-cucumber4\1.0.30\serenity-cucumber4-1.0.30.jar;C:\Users\pravesh.bhatt\.m2\repository\net\serenity-bdd\serenity-screenplay-webdriver\2.0.90\serenity-screenplay-webdriver-2.0.90.jar;C:\Users\pravesh.bhatt\.m2\repository\io\cucumber\datatable-matchers\1.1.14\datatable-matchers-1.1.14.jar;C:\Users\pravesh.bhatt\.m2\repository\org\apache\commons\commons-csv\1.5\commons-csv-1.5.jar;C:\Users\pravesh.bhatt\.m2\repository\junit\junit\4.12\junit-4.12.jar;C:\Users\pravesh.bhatt\.m2\repository\org\assertj\assertj-core\3.6.2\assertj-core-3.6.2.jar;C:\Users\pravesh.bhatt\.m2\repository\org\hamcrest\hamcrest-all\1.3\hamcrest-all-1.3.jar;C:\Users\pravesh.bhatt\.m2\repository\net\bytebuddy\byte-buddy\1.9.13\byte-buddy-1.9.13.jar;C:\Users\pravesh.bhatt\.m2\repository\io\springfox\springfox-swagger2\2.7.0\springfox-swagger2-2.7.0.jar;C:\Users\pravesh.bhatt\.m2\repository\io\swagger\swagger-annotations\1.5.13\swagger-annotations-1.5.13.jar;C:\Users\pravesh.bhatt\.m2\repository\io\swagger\swagger-models\1.5.13\swagger-models-1.5.13.jar;C:\Users\pravesh.bhatt\.m2\repository\com\fasterxml\jackson\core\jackson-annotations\2.8.5\jackson-annotations-2.8.5.jar;C:\Users\pravesh.bhatt\.m2\repository\io\springfox\springfox-spi\2.7.0\springfox-spi-2.7.0.jar;C:\Users\pravesh.bhatt\.m2\repository\io\springfox\springfox-core\2.7.0\springfox-core-2.7.0.jar;C:\Users\pravesh.bhatt\.m2\repository\io\springfox\springfox-schema\2.7.0\springfox-schema-2.7.0.jar;C:\Users\pravesh.bhatt\.m2\repository\io\springfox\springfox-swagger-common\2.7.0\springfox-swagger-common-2.7.0.jar;C:\Users\pravesh.bhatt\.m2\repository\io\springfox\springfox-spring-web\2.7.0\springfox-spring-web-2.7.0.jar;C:\Users\pravesh.bhatt\.m2\repository\org\reflections\reflections\0.9.11\reflections-0.9.11.jar;C:\Users\pravesh.bhatt\.m2\repository\org\javassist\javassist\3.21.0-GA\javassist-3.21.0-GA.jar;C:\Users\pravesh.bhatt\.m2\repository\com\fasterxml\classmate\1.3.3\classmate-1.3.3.jar;C:\Users\pravesh.bhatt\.m2\repository\org\springframework\plugin\spring-plugin-core\1.2.0.RELEASE\spring-plugin-core-1.2.0.RELEASE.jar;C:\Users\pravesh.bhatt\.m2\repository\org\springframework\spring-aop\4.0.9.RELEASE\spring-aop-4.0.9.RELEASE.jar;C:\Users\pravesh.bhatt\.m2\repository\org\springframework\plugin\spring-plugin-metadata\1.2.0.RELEASE\spring-plugin-metadata-1.2.0.RELEASE.jar;C:\Users\pravesh.bhatt\.m2\repository\org\mapstruct\mapstruct\1.1.0.Final\mapstruct-1.1.0.Final.jar;C:\Users\pravesh.bhatt\.m2\repository\io\springfox\springfox-swagger-ui\2.7.0\springfox-swagger-ui-2.7.0.jar;C:\Users\pravesh.bhatt\.m2\repository\com\github\lalyos\jfiglet\0.0.3\jfiglet-0.0.3.jar;C:\Users\pravesh.bhatt\.m2\repository\org\apache\poi\poi\4.1.0\poi-4.1.0.jar;C:\Users\pravesh.bhatt\.m2\repository\org\apache\commons\commons-collections4\4.3\commons-collections4-4.3.jar;C:\Users\pravesh.bhatt\.m2\repository\org\apache\commons\commons-math3\3.6.1\commons-math3-3.6.1.jar;C:\Users\pravesh.bhatt\.m2\repository\org\apache\poi\poi-ooxml\4.1.0\poi-ooxml-4.1.0.jar;C:\Users\pravesh.bhatt\.m2\repository\org\apache\poi\poi-ooxml-schemas\4.1.0\poi-ooxml-schemas-4.1.0.jar;C:\Users\pravesh.bhatt\.m2\repository\org\apache\xmlbeans\xmlbeans\3.1.0\xmlbeans-3.1.0.jar;C:\Users\pravesh.bhatt\.m2\repository\org\apache\commons\commons-compress\1.18\commons-compress-1.18.jar;C:\Users\pravesh.bhatt\.m2\repository\com\github\virtuald\curvesapi\1.06\curvesapi-1.06.jar;"/>
    <property name="sun.cpu.endian" value="little"/>
    <property name="user.home" value="C:\Users\pravesh.bhatt"/>
    <property name="user.language" value="en"/>
    <property name="java.specification.vendor" value="Oracle Corporation"/>
    <property name="java.home" value="C:\Program Files\Java\jdk1.8.0_231\jre"/>
    <property name="javax.accessibility.assistive_technologies" value="com.sun.java.accessibility.AccessBridge"/>
    <property name="basedir" value="C:\Users\pravesh.bhatt\Desktop\ACEND\workspace\atdd-framework-master\Senerity-BDD-Framework"/>
    <property name="file.separator" value="\"/>
    <property name="line.separator" value="&#10;"/>
    <property name="java.vm.specification.vendor" value="Oracle Corporation"/>
    <property name="java.specification.name" value="Java Platform API Specification"/>
    <property name="java.awt.graphicsenv" value="sun.awt.Win32GraphicsEnvironment"/>
    <property name="javax.accessibility.screen_magnifier_present" value="true"/>
    <property name="surefire.real.class.path" value="C:\Users\PRAVES~1.BHA\AppData\Local\Temp\surefire5955004121846618709\surefirebooter6857483083161103838.jar"/>
    <property name="sun.boot.class.path" value="C:\Program Files\Java\jdk1.8.0_231\jre\lib\resources.jar;C:\Program Files\Java\jdk1.8.0_231\jre\lib\rt.jar;C:\Program Files\Java\jdk1.8.0_231\jre\lib\sunrsasign.jar;C:\Program Files\Java\jdk1.8.0_231\jre\lib\jsse.jar;C:\Program Files\Java\jdk1.8.0_231\jre\lib\jce.jar;C:\Program Files\Java\jdk1.8.0_231\jre\lib\charsets.jar;C:\Program Files\Java\jdk1.8.0_231\jre\lib\jfr.jar;C:\Program Files\Java\jdk1.8.0_231\jre\classes"/>
    <property name="user.script" value=""/>
    <property name="java.protocol.handler.pkgs" value="com.google.common"/>
    <property name="sun.management.compiler" value="HotSpot 64-Bit Tiered Compilers"/>
    <property name="java.runtime.version" value="1.8.0_231-b11"/>
    <property name="user.name" value="Pravesh.bhatt"/>
    <property name="path.separator" value=";"/>
    <property name="os.version" value="10.0"/>
    <property name="java.endorsed.dirs" value="C:\Program Files\Java\jdk1.8.0_231\jre\lib\endorsed"/>
    <property name="java.runtime.name" value="Java(TM) SE Runtime Environment"/>
    <property name="file.encoding" value="Cp1252"/>
    <property name="webdriver.base.url" value=""/>
    <property name="java.vm.name" value="Java HotSpot(TM) 64-Bit Server VM"/>
    <property name="localRepository" value="C:\Users\pravesh.bhatt\.m2\repository"/>
    <property name="java.vendor.url.bug" value="http://bugreport.sun.com/bugreport/"/>
    <property name="java.io.tmpdir" value="C:\Users\PRAVES~1.BHA\AppData\Local\Temp\"/>
    <property name="java.version" value="1.8.0_231"/>
    <property name="user.dir" value="C:\Users\pravesh.bhatt\Desktop\ACEND\workspace\atdd-framework-master\Senerity-BDD-Framework"/>
    <property name="os.arch" value="amd64"/>
    <property name="webdriver.gecko.driver" value="C:\Users\pravesh.bhatt\Desktop\ACEND\workspace\atdd-framework-master\Senerity-BDD-Framework\webdriver\windows\geckodriver.exe"/>
    <property name="java.vm.specification.name" value="Java Virtual Machine Specification"/>
    <property name="java.awt.printerjob" value="sun.awt.windows.WPrinterJob"/>
    <property name="sun.os.patch.level" value=""/>
    <property name="java.library.path" value="C:\Program Files\Java\jdk1.8.0_231\jre\bin;C:\Windows\Sun\Java\bin;C:\Windows\system32;C:\Windows;C:/Program Files/Java/jre1.8.0_231/bin/server;C:/Program Files/Java/jre1.8.0_231/bin;C:/Program Files/Java/jre1.8.0_231/lib/amd64;C:\Windows\system32;C:\Windows;C:\Windows\system32\Wbem;C:\Program Files (x86)\Common Files\Oracle\Java\javapath;C:\Windows\System32\WindowsPowerShell\v1.0\;C:\Windows\System32\OpenSSH\;C:\Program Files\Java\jdk1.8.0_231\bin;C:\Users\pravesh.bhatt\Desktop\kafka_2.12-2.3.0\bin\windows;C:\Program Files (x86)\scala\bin;C:\Users\pravesh.bhatt\AppData\Local\Programs\Python\Python37;C:\Program Files (x86)\QuickTime\QTSystem\;C:\Program Files\Robin;C:\Program Files (x86)\Microsoft SQL Server\150\DTS\Binn\;C:\Users\pravesh.bhatt\workspace\Ascend\Maven\apache-maven-3.6.3\bin;C:\Users\pravesh.bhatt\workspace\Ascend\Allure\allure-2.7.0\bin;C:\Program Files\MySQL\MySQL Shell 8.0\bin\;C:\Users\pravesh.bhatt\AppData\Local\Programs\Python\Python37\Scripts\;C:\Users\pravesh.bhatt\AppData\Local\Programs\Python\Python37\;C:\Users\pravesh.bhatt\AppData\Local\Microsoft\WindowsApps;C:\Program Files\JetBrains\PyCharm Community Edition 2019.1.3\bin;;C:\Program Files\Java\jdk-13.0.1\bin;C:\Users\pravesh.bhatt\Desktop\kafka_2.12-2.3.0\bin\windows;C:\Users\pravesh.bhatt\AppData\Local\Programs\Python\Python37;;C:\Users\pravesh.bhatt\Desktop;;."/>
    <property name="java.vm.info" value="mixed mode"/>
    <property name="java.vendor" value="Oracle Corporation"/>
    <property name="java.vm.version" value="25.231-b11"/>
    <property name="java.ext.dirs" value="C:\Program Files\Java\jdk1.8.0_231\jre\lib\ext;C:\Windows\Sun\Java\lib\ext"/>
    <property name="sun.io.unicode.encoding" value="UnicodeLittle"/>
    <property name="java.class.version" value="52.0"/>
  </properties>
  <testcase name="Verify Google Home Page Title" classname="Create Evaluation Smoke Test Feature" time="10.085">
    <failure message="expected:&lt;[&quot;Google&quot;]&gt; but was:&lt;[Google]&gt;" type="junit.framework.ComparisonFailure"><![CDATA[junit.framework.ComparisonFailure: expected:<["Google"]> but was:<[Google]>
]]></failure>
    <system-out><![CDATA[22:32:01.195 [main] DEBUG net.thucydides.core.util.PropertiesFileLocalPreferences - LOADING LOCAL PROPERTIES FROM C:\Users\pravesh.bhatt\Desktop\ACEND\workspace\atdd-framework-master\Senerity-BDD-Framework\serenity.properties 
22:32:01.316 [main] DEBUG net.thucydides.core.util.PropertiesFileLocalPreferences - LOADING LOCAL PROPERTIES FROM C:\Users\pravesh.bhatt\Desktop\ACEND\workspace\atdd-framework-master\Senerity-BDD-Framework\serenity.properties 
22:32:01.316 [main] DEBUG net.thucydides.core.util.PropertiesFileLocalPreferences - LOADING LOCAL PROPERTIES FROM C:\Users\pravesh.bhatt\Desktop\ACEND\workspace\atdd-framework-master\Senerity-BDD-Framework\serenity.properties 
22:32:01.328 [main] DEBUG net.thucydides.core.util.PropertiesFileLocalPreferences - serenity.project.name=Ascend
22:32:01.328 [main] DEBUG net.thucydides.core.util.PropertiesFileLocalPreferences - serenity.take.screenshots=FOR_EACH_ACTION
22:32:01.329 [main] DEBUG net.thucydides.core.util.PropertiesFileLocalPreferences - drivers.windows.webdriver.ie.driver=webdriver/windows/IEDriverServer.exe
22:32:01.329 [main] DEBUG net.thucydides.core.util.PropertiesFileLocalPreferences - webdriver.driver=chrome
22:32:01.329 [main] DEBUG net.thucydides.core.util.PropertiesFileLocalPreferences - environments.dev.webdriver.base.url=https://www.google.com/
22:32:01.329 [main] DEBUG net.thucydides.core.util.PropertiesFileLocalPreferences - drivers.windows.webdriver.chrome.driver=webdriver/windows/chromedriver.exe
22:32:01.329 [main] DEBUG net.thucydides.core.util.PropertiesFileLocalPreferences - drivers.linux.webdriver.gecko.driver=webdriver/linux/geckodriver
22:32:01.329 [main] DEBUG net.thucydides.core.util.PropertiesFileLocalPreferences - environments.staging.webdriver.base.url=https://www.google.com/
22:32:01.329 [main] DEBUG net.thucydides.core.util.PropertiesFileLocalPreferences - environments.default.webdriver.base.url=https://www.google.com//
22:32:01.329 [main] DEBUG net.thucydides.core.util.PropertiesFileLocalPreferences - drivers.linux.webdriver.chrome.driver=webdriver/linux/chromedriver
22:32:01.329 [main] DEBUG net.thucydides.core.util.PropertiesFileLocalPreferences - drivers.windows.webdriver.gecko.driver=webdriver/windows/geckodriver.exe
22:32:01.329 [main] DEBUG net.thucydides.core.util.PropertiesFileLocalPreferences - drivers.mac.webdriver.gecko.driver=webdriver/mac/geckodriver
22:32:01.329 [main] DEBUG net.thucydides.core.util.PropertiesFileLocalPreferences - drivers.mac.webdriver.chrome.driver=webdriver/mac/chromedriver
22:32:01.330 [main] DEBUG net.thucydides.core.util.PropertiesFileLocalPreferences - environments.prod.webdriver.base.url=https://www.google.com/
22:32:01.330 [main] DEBUG net.thucydides.core.util.PropertiesFileLocalPreferences - headless.mode=false
22:32:01.330 [main] DEBUG net.thucydides.core.util.PropertiesFileLocalPreferences - webdriver.use.driver.service.pool=false
22:32:01.722 [pool-1-thread-1] DEBUG net.thucydides.core.util.PropertiesFileLocalPreferences - LOADING LOCAL PROPERTIES FROM C:\Users\pravesh.bhatt\Desktop\ACEND\workspace\atdd-framework-master\Senerity-BDD-Framework\serenity.properties 
22:32:01.753 [pool-1-thread-1] DEBUG net.thucydides.core.util.PropertiesFileLocalPreferences - LOADING LOCAL PROPERTIES FROM C:\Users\pravesh.bhatt\Desktop\ACEND\workspace\atdd-framework-master\Senerity-BDD-Framework\serenity.properties 
22:32:01.754 [pool-1-thread-1] DEBUG net.thucydides.core.util.PropertiesFileLocalPreferences - LOADING LOCAL PROPERTIES FROM C:\Users\pravesh.bhatt\Desktop\ACEND\workspace\atdd-framework-master\Senerity-BDD-Framework\serenity.properties 
22:32:01.756 [pool-1-thread-1] DEBUG net.thucydides.core.util.PropertiesFileLocalPreferences - serenity.project.name=Ascend
22:32:01.756 [pool-1-thread-1] DEBUG net.thucydides.core.util.PropertiesFileLocalPreferences - serenity.take.screenshots=FOR_EACH_ACTION
22:32:01.757 [pool-1-thread-1] DEBUG net.thucydides.core.util.PropertiesFileLocalPreferences - drivers.windows.webdriver.ie.driver=webdriver/windows/IEDriverServer.exe
22:32:01.758 [pool-1-thread-1] DEBUG net.thucydides.core.util.PropertiesFileLocalPreferences - webdriver.driver=chrome
22:32:01.758 [pool-1-thread-1] DEBUG net.thucydides.core.util.PropertiesFileLocalPreferences - environments.dev.webdriver.base.url=https://www.google.com/
22:32:01.758 [pool-1-thread-1] DEBUG net.thucydides.core.util.PropertiesFileLocalPreferences - drivers.windows.webdriver.chrome.driver=webdriver/windows/chromedriver.exe
22:32:01.759 [pool-1-thread-1] DEBUG net.thucydides.core.util.PropertiesFileLocalPreferences - drivers.linux.webdriver.gecko.driver=webdriver/linux/geckodriver
22:32:01.760 [pool-1-thread-1] DEBUG net.thucydides.core.util.PropertiesFileLocalPreferences - environments.staging.webdriver.base.url=https://www.google.com/
22:32:01.760 [pool-1-thread-1] DEBUG net.thucydides.core.util.PropertiesFileLocalPreferences - environments.default.webdriver.base.url=https://www.google.com//
22:32:01.761 [pool-1-thread-1] DEBUG net.thucydides.core.util.PropertiesFileLocalPreferences - drivers.linux.webdriver.chrome.driver=webdriver/linux/chromedriver
22:32:01.761 [pool-1-thread-1] DEBUG net.thucydides.core.util.PropertiesFileLocalPreferences - drivers.windows.webdriver.gecko.driver=webdriver/windows/geckodriver.exe
22:32:01.761 [pool-1-thread-1] DEBUG net.thucydides.core.util.PropertiesFileLocalPreferences - drivers.mac.webdriver.gecko.driver=webdriver/mac/geckodriver
22:32:01.761 [pool-1-thread-1] DEBUG net.thucydides.core.util.PropertiesFileLocalPreferences - drivers.mac.webdriver.chrome.driver=webdriver/mac/chromedriver
22:32:01.762 [pool-1-thread-1] DEBUG net.thucydides.core.util.PropertiesFileLocalPreferences - environments.prod.webdriver.base.url=https://www.google.com/
22:32:01.762 [pool-1-thread-1] DEBUG net.thucydides.core.util.PropertiesFileLocalPreferences - headless.mode=false
22:32:01.762 [pool-1-thread-1] DEBUG net.thucydides.core.util.PropertiesFileLocalPreferences - webdriver.use.driver.service.pool=false
22:32:01.775 [pool-1-thread-1] INFO net.thucydides.core.steps.ConsoleLoggingListener - 

-------------------------------------------------------------------------------------
     _______. _______ .______       _______ .__   __.  __  .___________.____    ____ 
    /       ||   ____||   _  \     |   ____||  \ |  | |  | |           |\   \  /   / 
   |   (----`|  |__   |  |_)  |    |  |__   |   \|  | |  | `---|  |----` \   \/   /  
    \   \    |   __|  |      /     |   __|  |  . `  | |  |     |  |       \_    _/   
.----)   |   |  |____ |  |\  \----.|  |____ |  |\   | |  |     |  |         |  |     
|_______/    |_______|| _| `._____||_______||__| \__| |__|     |__|         |__|    
                                                                                     
 News and tutorials at http://www.serenity-bdd.info                                  
 Documentation at https://wakaleo.gitbooks.io/the-serenity-book/content/             
 Join the Serenity Community on Rocket Chat at https://serenity-bdd.rocket.chat      
 Serenity BDD Support and Training at http://serenity-bdd.info/#/trainingandsupport  
 Learn Serenity BDD online at http://serenity-dojo.com                               
-------------------------------------------------------------------------------------

22:32:01.782 [pool-1-thread-1] DEBUG net.thucydides.core.steps.StepEventBus - Test suite started for story net.thucydides.core.model.Story@b8e9e5bb
22:32:01.784 [pool-1-thread-1] INFO net.thucydides.core.steps.ConsoleLoggingListener - Test Suite Started: Create Evaluation Smoke Test Feature
May 31, 2020 10:32:01 PM cucumber.runtime.java.ObjectFactoryLoader loadSingleObjectFactory
WARNING: Loading deprecated ObjectFactory from runtime via reflection: cucumber.runtime.SerenityObjectFactory
22:32:13.508 [pool-1-thread-1] ERROR net.thucydides.core.steps.ConsoleLoggingListener - 
           __  _____ _____ ____ _____   _____ _    ___ _     _____ ____  
  _       / / |_   _| ____/ ___|_   _| |  ___/ \  |_ _| |   | ____|  _ \ 
 (_)_____| |    | | |  _| \___ \ | |   | |_ / _ \  | || |   |  _| | | | |
  _|_____| |    | | | |___ ___) || |   |  _/ ___ \ | || |___| |___| |_| |
 (_)     | |    |_| |_____|____/ |_|   |_|/_/   \_\___|_____|_____|____/ 
          \_\                                                            

TEST FAILED: Verify Google Home Page Title
--------------------------------------------------------------------------
22:32:13.514 [pool-1-thread-1] DEBUG net.thucydides.core.steps.ConsoleLoggingListener - RELATED ISSUES: 
22:32:13.626 [pool-1-thread-1] ERROR net.thucydides.core.steps.ConsoleLoggingListener - TEST FAILED AT STEP Verify title is showing as "Google"
22:32:13.627 [pool-1-thread-1] ERROR net.thucydides.core.steps.ConsoleLoggingListener - expected:<["Google"]> but was:<[Google]>
22:32:21.291 [pool-1-thread-1] ERROR net.thucydides.core.steps.ConsoleLoggingListener - 
           __  _____ _____ ____ _____   _____ _    ___ _     _____ ____  
  _       / / |_   _| ____/ ___|_   _| |  ___/ \  |_ _| |   | ____|  _ \ 
 (_)_____| |    | | |  _| \___ \ | |   | |_ / _ \  | || |   |  _| | | | |
  _|_____| |    | | | |___ ___) || |   |  _/ ___ \ | || |___| |___| |_| |
 (_)     | |    |_| |_____|____/ |_|   |_|/_/   \_\___|_____|_____|____/ 
          \_\                                                            

TEST FAILED: Verify Google Home Page Title
--------------------------------------------------------------------------
22:32:21.291 [pool-1-thread-1] DEBUG net.thucydides.core.steps.ConsoleLoggingListener - RELATED ISSUES: 
22:32:21.291 [pool-1-thread-1] ERROR net.thucydides.core.steps.ConsoleLoggingListener - TEST FAILED AT STEP Verify title is showing as "Google"
22:32:21.291 [pool-1-thread-1] ERROR net.thucydides.core.steps.ConsoleLoggingListener - expected:<["Google"]> but was:<[Google]>
Feature: Create Evaluation Smoke Test Feature

  Scenario: Verify Google Home Page Title  &amp#27;[90m# features/ui_feature/SmokeSuite/searchText.feature:3&amp#27;[0m
    &amp#27;[32mWhen &amp#27;[0m&amp#27;[32mUser Naviagte to google Home page&amp#27;[0m &amp#27;[90m# GoogleStepDefination.user_naviagte_to_google_home_page()&amp#27;[0m
    &amp#27;[31mThen &amp#27;[0m&amp#27;[31m&amp#27;[0m&amp#27;[31m&amp#27;[1m"Google"&amp#27;[0m&amp#27;[31m Title should show&amp#27;[0m        &amp#27;[90m# GoogleStepDefination.something_title_should_show(String)&amp#27;[0m
      &amp#27;[31mjunit.framework.ComparisonFailure: expected:<["Google"]> but was:<[Google]>
	at junit.framework.Assert.assertEquals(Assert.java:100)
	at junit.framework.Assert.assertEquals(Assert.java:107)
	at google_example.example.google.ui.steps.GoogleHomePage.verifyTitle(GoogleHomePage.java:39)
	at google_example.example.google.ui.steps.GoogleHomePage$ByteBuddy$igzefHND.verifyTitle$accessor$HGiie6gV(Unknown Source)
	at sun.reflect.NativeMethodAccessorImpl.invoke0(Native Method)
	at sun.reflect.NativeMethodAccessorImpl.invoke(NativeMethodAccessorImpl.java:62)
	at sun.reflect.DelegatingMethodAccessorImpl.invoke(DelegatingMethodAccessorImpl.java:43)
	at java.lang.reflect.Method.invoke(Method.java:498)
	at net.thucydides.core.steps.StepInterceptor.invokeMethod(StepInterceptor.java:471)
	at net.thucydides.core.steps.StepInterceptor.executeTestStepMethod(StepInterceptor.java:451)
	at net.thucydides.core.steps.StepInterceptor.runTestStep(StepInterceptor.java:424)
	at net.thucydides.core.steps.StepInterceptor.runOrSkipMethod(StepInterceptor.java:180)
	at net.thucydides.core.steps.StepInterceptor.testStepResult(StepInterceptor.java:167)
	at net.thucydides.core.steps.StepInterceptor.intercept(StepInterceptor.java:75)
	at google_example.example.google.ui.steps.GoogleHomePage$ByteBuddy$igzefHND.verifyTitle(Unknown Source)
	at google_example.example.google.ui.stepDefinations.GoogleStepDefination.something_title_should_show(GoogleStepDefination.java:32)
	at ?."Google" Title should show(classpath:features/ui_feature/SmokeSuite/searchText.feature:5)
&amp#27;[0m

  Scenario: Verify Google Home Page Title  &amp#27;[90m# features/ui_feature/SmokeSuite/searchText.feature:7&amp#27;[0m
    &amp#27;[32mWhen &amp#27;[0m&amp#27;[32mUser Naviagte to google Home page&amp#27;[0m &amp#27;[90m# GoogleStepDefination.user_naviagte_to_google_home_page()&amp#27;[0m
    &amp#27;[31mThen &amp#27;[0m&amp#27;[31m&amp#27;[0m&amp#27;[31m&amp#27;[1m"Google"&amp#27;[0m&amp#27;[31m Title should show&amp#27;[0m        &amp#27;[90m# GoogleStepDefination.something_title_should_show(String)&amp#27;[0m
      &amp#27;[31mjunit.framework.ComparisonFailure: expected:<["Google"]> but was:<[Google]>
	at junit.framework.Assert.assertEquals(Assert.java:100)
	at junit.framework.Assert.assertEquals(Assert.java:107)
	at google_example.example.google.ui.steps.GoogleHomePage.verifyTitle(GoogleHomePage.java:39)
	at google_example.example.google.ui.steps.GoogleHomePage$ByteBuddy$NGkYfjzl.verifyTitle$accessor$oTcwVttK(Unknown Source)
	at sun.reflect.NativeMethodAccessorImpl.invoke0(Native Method)
	at sun.reflect.NativeMethodAccessorImpl.invoke(NativeMethodAccessorImpl.java:62)
	at sun.reflect.DelegatingMethodAccessorImpl.invoke(DelegatingMethodAccessorImpl.java:43)
	at java.lang.reflect.Method.invoke(Method.java:498)
	at net.thucydides.core.steps.StepInterceptor.invokeMethod(StepInterceptor.java:471)
	at net.thucydides.core.steps.StepInterceptor.executeTestStepMethod(StepInterceptor.java:451)
	at net.thucydides.core.steps.StepInterceptor.runTestStep(StepInterceptor.java:424)
	at net.thucydides.core.steps.StepInterceptor.runOrSkipMethod(StepInterceptor.java:180)
	at net.thucydides.core.steps.StepInterceptor.testStepResult(StepInterceptor.java:167)
	at net.thucydides.core.steps.StepInterceptor.intercept(StepInterceptor.java:75)
	at google_example.example.google.ui.steps.GoogleHomePage$ByteBuddy$NGkYfjzl.verifyTitle(Unknown Source)
	at google_example.example.google.ui.stepDefinations.GoogleStepDefination.something_title_should_show(GoogleStepDefination.java:32)
	at ?."Google" Title should show(classpath:features/ui_feature/SmokeSuite/searchText.feature:9)
&amp#27;[0m
    &amp#27;[36mAnd &amp#27;[0m&amp#27;[36mUser Serach for &amp#27;[0m&amp#27;[36m&amp#27;[1m"Something"&amp#27;[0m&amp#27;[36m text&amp#27;[0m   &amp#27;[90m# GoogleStepDefination.user_serach_for_something_text(String)&amp#27;[0m
22:32:21.303 [pool-1-thread-1] DEBUG net.thucydides.core.reports.ReportService - Reporting formats: [JSON, HTML]
22:32:21.387 [pool-1-thread-1] DEBUG net.thucydides.core.reports.ReportService - Reporting formats: [JSON, HTML]
22:32:21.407 [pool-1-thread-1] DEBUG net.thucydides.core.reports.ReportService - Generating reports for 1 test outcomes using: net.thucydides.core.reports.json.JSONTestOutcomeReporter@3dbf2e69
22:32:21.409 [pool-1-thread-1] DEBUG net.thucydides.core.reports.ReportService - Processing test outcome Create Evaluation Smoke Test Feature:Verify Google Home Page Title
22:32:21.410 [pool-1-thread-1] DEBUG net.thucydides.core.reports.ReportService - net.thucydides.core.reports.json.JSONTestOutcomeReporter@3dbf2e69: Generating report for test outcome: Create Evaluation Smoke Test Feature:Verify Google Home Page Title
22:32:21.422 [pool-1-thread-1] DEBUG net.thucydides.core.reports.json.JSONTestOutcomeReporter - Generating JSON report for Verify Google Home Page Title to file C:\Users\pravesh.bhatt\Desktop\ACEND\workspace\atdd-framework-master\Senerity-BDD-Framework\target\site\serenity\973f5c0cfe6d2609d98b707762c943f2cc010e2804d2a9bda61d5547e30e600b.json (using temp file C:\Users\pravesh.bhatt\Desktop\ACEND\workspace\atdd-framework-master\Senerity-BDD-Framework\target\site\serenity\973f5c0cfe6d2609d98b707762c943f2cc010e2804d2a9bda61d5547e30e600b.jsonaf52f6eb-60ee-406e-b89f-a838583a2de2)
22:32:21.481 [pool-1-thread-1] DEBUG net.thucydides.core.reports.ReportService - Processing test outcome Create Evaluation Smoke Test Feature:Verify Google Home Page Title done
22:32:21.482 [pool-1-thread-1] DEBUG net.thucydides.core.reports.ReportService - Shutting down executor service
22:32:21.482 [pool-1-thread-1] DEBUG net.thucydides.core.reports.ReportService - Reports generated in: 75 ms
22:32:21.482 [pool-1-thread-1] DEBUG net.thucydides.core.reports.ReportService - Generating reports for 1 test outcomes using: net.thucydides.core.reports.html.HtmlAcceptanceTestReporter@6b55f1e1
22:32:21.483 [pool-2-thread-1] DEBUG net.thucydides.core.reports.ReportService - Processing test outcome Create Evaluation Smoke Test Feature:Verify Google Home Page Title
22:32:21.483 [pool-2-thread-1] DEBUG net.thucydides.core.reports.ReportService - net.thucydides.core.reports.html.HtmlAcceptanceTestReporter@6b55f1e1: Generating report for test outcome: Create Evaluation Smoke Test Feature:Verify Google Home Page Title
22:32:21.483 [pool-2-thread-1] DEBUG net.thucydides.core.reports.html.HtmlAcceptanceTestReporter - GENERATE TEST OUTCOME REPORT FOR Verify Google Home Page Title in 973f5c0cfe6d2609d98b707762c943f2cc010e2804d2a9bda61d5547e30e600b
22:32:21.622 [pool-2-thread-1] DEBUG net.thucydides.core.requirements.RequirementsTagProvider -  found:[Requirement{name='Ui feature', type='theme' parent = 'null', cardNumber='null'}]
22:32:21.631 [pool-2-thread-1] DEBUG net.thucydides.core.requirements.BaseRequirementsService - Requirement found for test outcome Verify Google Home Page Title-[]: Optional[Requirement{name='Create Evaluation Smoke Test Feature', type='feature' parent = 'Smoke suite', cardNumber='null'}]
22:32:21.634 [pool-2-thread-1] DEBUG net.thucydides.core.requirements.BaseRequirementsService - Requirement found for test outcome Verify Google Home Page Title-[]: Optional[Requirement{name='Create Evaluation Smoke Test Feature', type='feature' parent = 'Smoke suite', cardNumber='null'}]
22:32:21.673 [pool-2-thread-1] DEBUG net.thucydides.core.requirements.BaseRequirementsService - Requirement found for test outcome Verify Google Home Page Title-[]: Optional[Requirement{name='Create Evaluation Smoke Test Feature', type='feature' parent = 'Smoke suite', cardNumber='null'}]
22:32:21.674 [pool-2-thread-1] DEBUG net.thucydides.core.requirements.BaseRequirementsService - Requirement found for test outcome Verify Google Home Page Title-[]: Optional[Requirement{name='Create Evaluation Smoke Test Feature', type='feature' parent = 'Smoke suite', cardNumber='null'}]
22:32:21.773 [pool-2-thread-1] DEBUG net.thucydides.core.reports.html.HtmlAcceptanceTestReporter - Generating report in 973f5c0cfe6d2609d98b707762c943f2cc010e2804d2a9bda61d5547e30e600b_screenshots.html
22:32:22.151 [pool-2-thread-1] DEBUG net.thucydides.core.reports.html.HtmlAcceptanceTestReporter - Generated report 973f5c0cfe6d2609d98b707762c943f2cc010e2804d2a9bda61d5547e30e600b_screenshots.html in 378 ms
22:32:22.152 [pool-2-thread-1] DEBUG net.thucydides.core.reports.html.HtmlAcceptanceTestReporter - GENERATING HTML REPORT FOR Create Evaluation Smoke Test Feature:Verify Google Home Page Title in 973f5c0cfe6d2609d98b707762c943f2cc010e2804d2a9bda61d5547e30e600b.html in directory target\site\serenity  
22:32:24.572 [pool-2-thread-1] DEBUG net.thucydides.core.reports.html.HtmlAcceptanceTestReporter - Generating report in 973f5c0cfe6d2609d98b707762c943f2cc010e2804d2a9bda61d5547e30e600b.html
22:32:24.744 [pool-2-thread-1] DEBUG net.thucydides.core.reports.html.HtmlAcceptanceTestReporter - Generated report 973f5c0cfe6d2609d98b707762c943f2cc010e2804d2a9bda61d5547e30e600b.html in 172 ms
22:32:24.744 [pool-2-thread-1] DEBUG net.thucydides.core.reports.ReportService - Processing test outcome Create Evaluation Smoke Test Feature:Verify Google Home Page Title done
22:32:24.744 [pool-1-thread-1] DEBUG net.thucydides.core.reports.ReportService - Shutting down executor service
22:32:24.744 [pool-1-thread-1] DEBUG net.thucydides.core.reports.ReportService - Reports generated in: 3262 ms
22:32:24.933 [pool-1-thread-1] DEBUG net.serenitybdd.core.photography.Darkroom - Closing darkroom
22:32:02.087 [pool-1-thread-1] INFO net.thucydides.core.steps.ConsoleLoggingListener - 
 _____ _____ ____ _____   ____ _____  _    ____ _____ _____ ____  
|_   _| ____/ ___|_   _| / ___|_   _|/ \  |  _ \_   _| ____|  _ \ 
  | | |  _| \___ \ | |   \___ \ | | / _ \ | |_) || | |  _| | | | |
  | | | |___ ___) || |    ___) || |/ ___ \|  _ < | | | |___| |_| |
  |_| |_____|____/ |_|   |____/ |_/_/   \_\_| \_\|_| |_____|____/ 
                                                                  

TEST STARTED: Verify Google Home Page Title
-------------------------------------------------------------------(create-evaluation-smoke-test-feature;verify-google-home-page-title)
22:32:03.668 [pool-1-thread-1] INFO net.serenitybdd.core.webdriver.driverproviders.ProvideNewDriver - Instantiating driver
22:32:03.668 [pool-1-thread-1] INFO net.serenitybdd.core.webdriver.driverproviders.ProvideNewDriver - Driver capabilities: Capabilities {acceptInsecureCerts: false, browserName: chrome, goog:chromeOptions: {args: [], extensions: []}, loggingPrefs: org.openqa.selenium.logging..., platform: ANY, version: }
22:32:11.161 [pool-1-thread-1] DEBUG net.serenitybdd.core.photography.Darkroom - Opening darkroom
22:32:11.162 [Darkroom Processing Line] DEBUG net.serenitybdd.core.photography.DarkroomProcessingLine - Darkroom processing line starting up
22:32:11.542 [pool-1-thread-1] DEBUG net.serenitybdd.core.photography.Darkroom - Send negative for processing for target\site\serenity\b922a286bc7721f6b49ee3a00b6bc0e103ca31e86cf762c81d03c7eedf4c6422.png
22:32:11.543 [Darkroom Processing Line] DEBUG net.serenitybdd.core.photography.DarkroomProcessingLine - Processing screenshot image in /var/screenshots/screenshot-7078708587024224554
22:32:11.543 [Darkroom Processing Line] DEBUG net.serenitybdd.core.photography.DarkroomProcessingLine - Saving screenshot to target\site\serenity\b922a286bc7721f6b49ee3a00b6bc0e103ca31e86cf762c81d03c7eedf4c6422.png
22:32:12.011 [pool-1-thread-1] DEBUG net.serenitybdd.core.photography.Darkroom - Send negative for processing for target\site\serenity\42e4accd4312ac18eaa88d7e7bfe78c6e0ff8460a60d7832b8d9f99a10a86a6e.png
22:32:12.011 [Darkroom Processing Line] DEBUG net.serenitybdd.core.photography.DarkroomProcessingLine - Processing screenshot image in /var/screenshots/screenshot-2791497380091109846
22:32:12.012 [Darkroom Processing Line] DEBUG net.serenitybdd.core.photography.DarkroomProcessingLine - Saving screenshot to target\site\serenity\42e4accd4312ac18eaa88d7e7bfe78c6e0ff8460a60d7832b8d9f99a10a86a6e.png
22:32:12.012 [pool-1-thread-1] DEBUG net.thucydides.core.steps.StepInterceptor - STARTING STEP: GoogleStepDefination.something_title_should_show - Verify title is showing as {0}
22:32:24.933 [Darkroom Processing Line] DEBUG net.serenitybdd.core.photography.DarkroomProcessingLine - Darkroom processing line shutting down
]]></system-out>
    <system-err><![CDATA[May 31, 2020 10:32:02 PM org.openqa.selenium.remote.DesiredCapabilities chrome
INFO: Using `new ChromeOptions()` is preferred to `DesiredCapabilities.chrome()`
Starting ChromeDriver 83.0.4103.14 (be04594a2b8411758b860104bc0a1033417178be-refs/branch-heads/4103@{#119}) on port 7052
Only local connections are allowed.
Please see https://chromedriver.chromium.org/security-considerations for suggestions on keeping ChromeDriver safe.
ChromeDriver was started successfully.
May 31, 2020 10:32:05 PM org.openqa.selenium.remote.ProtocolHandshake createSession
INFO: Detected dialect: W3C
]]></system-err>
  </testcase>
  <testcase name="Verify Google Home Page Title" classname="Create Evaluation Smoke Test Feature" time="6.738">
    <failure message="expected:&lt;[&quot;Google&quot;]&gt; but was:&lt;[Google]&gt;" type="junit.framework.ComparisonFailure"><![CDATA[junit.framework.ComparisonFailure: expected:<["Google"]> but was:<[Google]>
]]></failure>
    <system-out><![CDATA[22:32:13.910 [pool-1-thread-1] INFO net.serenitybdd.core.webdriver.driverproviders.ProvideNewDriver - Instantiating driver
22:32:13.910 [pool-1-thread-1] INFO net.serenitybdd.core.webdriver.driverproviders.ProvideNewDriver - Driver capabilities: Capabilities {acceptInsecureCerts: false, browserName: chrome, goog:chromeOptions: {args: [], extensions: []}, loggingPrefs: org.openqa.selenium.logging..., platform: ANY, version: }
22:32:20.124 [pool-1-thread-1] DEBUG net.serenitybdd.core.photography.Darkroom - Send negative for processing for target\site\serenity\b922a286bc7721f6b49ee3a00b6bc0e103ca31e86cf762c81d03c7eedf4c6422.png
22:32:20.136 [pool-1-thread-1] DEBUG net.thucydides.core.steps.StepInterceptor - STARTING STEP: GoogleStepDefination.something_title_should_show - Verify title is showing as {0}
]]></system-out>
    <system-err><![CDATA[May 31, 2020 10:32:13 PM org.openqa.selenium.remote.DesiredCapabilities chrome
INFO: Using `new ChromeOptions()` is preferred to `DesiredCapabilities.chrome()`
Starting ChromeDriver 83.0.4103.14 (be04594a2b8411758b860104bc0a1033417178be-refs/branch-heads/4103@{#119}) on port 32612
Only local connections are allowed.
Please see https://chromedriver.chromium.org/security-considerations for suggestions on keeping ChromeDriver safe.
ChromeDriver was started successfully.
May 31, 2020 10:32:15 PM org.openqa.selenium.remote.ProtocolHandshake createSession
INFO: Detected dialect: W3C
]]></system-err>
  </testcase>
</testsuite>